ISim log file
Running: D:\BUAA\STAR\CO_LAB\study\FlowCpu\mips_tb_isim_beh.exe -intstyle ise -gui -tclbatch isim.cmd -wdb D:/BUAA/STAR/CO_LAB/study/FlowCpu/mips_tb_isim_beh.wdb 
ISim P.20131013 (signature 0x7708f090)
----------------------------------------------------------------------
WARNING:Security:42 - Your software subscription period has lapsed. Your current version of Xilinx tools will continue to function, but you no longer qualify for Xilinx software updates or new releases.


----------------------------------------------------------------------
This is a Full version of ISim.
Time resolution is 1 ps
# onerror resume
# wave add /
# run 1000 ns
Simulator is doing circuit initialization process.
Finished circuit initialization process.
                 155@00003004: $ 1 <= 00000018
                 165@00003008: $ 2 <= 00000098
                 175@0000300c: $ 3 <= 00000030
                 185@00003010: $ 4 <= 00000000
                 195@00003014: $ 5 <= 00000074
                 205@00003018: $ 6 <= 00000024
                 215@0000301c: $ 7 <= 00000000
                 225@00003020: $ 8 <= 00000014
                 235@00003024: $ 9 <= 00000080
                 245@00003028: $10 <= 00000000
                 255@0000302c: $11 <= 0000000c
                 265@00003030: $12 <= 00000028
                 275@00003034: $13 <= 00000038
                 285@00003038: $14 <= 00000064
                 295@0000303c: $15 <= 00000020
                 305@00003040: $16 <= 00000000
                 315@00003044: $17 <= 0000000c
                 325@00003048: $18 <= 0000007c
                 335@0000304c: $19 <= 00000040
                 345@00003050: $20 <= 00000050
                 355@00003054: $21 <= 00000034
                 365@00003058: $22 <= 00000058
                 375@0000305c: $23 <= 00000014
                 385@00003060: $24 <= 00000044
                 395@00003064: $25 <= 0000002c
                 405@00003068: $26 <= 00000040
                 415@0000306c: $27 <= 00000008
                 425@00003070: $28 <= 00000030
                 435@00003074: $29 <= 00000064
                 445@00003078: $30 <= 00000088
                 455@0000307c: $31 <= 00000040
                 455@00003080: *00000064 <= 00000018
                 485@00003088: $31 <= 00003090
                 495@0000308c: $ 3 <= 0000309c
                 515@0000309c: $ 3 <= 00000000
                 535@00003094: $ 3 <= 00003098
                 545@0000309c: $ 3 <= 00000000
                 545@000030a0: *00000030 <= 00000018
                 565@000030a4: $31 <= 000030ac
                 585@0000331c: $ 1 <= 00000000
                 595@00003320: $15 <= 00000000
                 605@00003324: $ 8 <= 00000000
                 615@00003328: $ 8 <= 0000000a
                 625@0000332c: $12 <= 00000000
                 635@00003330: $12 <= 00000001
                 645@00003334: $15 <= 00000001
                 675@0000333c: $ 2 <= 00940000
                 695@00003344: $ 3 <= 00940000
                 705@00003348: $ 3 <= 00010000
                 715@0000334c: $ 1 <= ffff0000
                 725@00003350: $ 1 <= 00000000
                 735@00003354: $ 2 <= 00000000
                 755@00003358: $ 1 <= 00000000
                 765@0000335c: $ 2 <= 00000080
                 775@00003360: $ 3 <= 00010000
                 785@00003364: $ 3 <= 00000000
                 785@00003368: *00000000 <= 00000000
                 805@0000336c: $ 4 <= 00000044
                 805@00003370: *0000001c <= 00000000
                 825@00003374: $ 4 <= 00380000
                 845@0000337c: $ 3 <= 00000000
                 885@00003388: $ 1 <= 00000078
                 895@0000338c: $ 1 <= 00000000
                 905@00003390: $ 2 <= 00000000
                 925@00003394: $ 2 <= 00000000
                 935@0000339c: *00000088 <= 00000000
                 955@00003334: $15 <= 00000002
                 985@0000333c: $ 2 <= 00940000
# restart
# run 300000000ps
Simulator is doing circuit initialization process.
Finished circuit initialization process.
                 155@00003004: $ 1 <= 00000018
                 165@00003008: $ 2 <= 00000098
                 175@0000300c: $ 3 <= 00000030
                 185@00003010: $ 4 <= 00000000
                 195@00003014: $ 5 <= 00000074
                 205@00003018: $ 6 <= 00000024
                 215@0000301c: $ 7 <= 00000000
                 225@00003020: $ 8 <= 00000014
                 235@00003024: $ 9 <= 00000080
                 245@00003028: $10 <= 00000000
                 255@0000302c: $11 <= 0000000c
                 265@00003030: $12 <= 00000028
                 275@00003034: $13 <= 00000038
                 285@00003038: $14 <= 00000064
                 295@0000303c: $15 <= 00000020
                 305@00003040: $16 <= 00000000
                 315@00003044: $17 <= 0000000c
                 325@00003048: $18 <= 0000007c
                 335@0000304c: $19 <= 00000040
                 345@00003050: $20 <= 00000050
                 355@00003054: $21 <= 00000034
                 365@00003058: $22 <= 00000058
                 375@0000305c: $23 <= 00000014
                 385@00003060: $24 <= 00000044
                 395@00003064: $25 <= 0000002c
                 405@00003068: $26 <= 00000040
                 415@0000306c: $27 <= 00000008
                 425@00003070: $28 <= 00000030
                 435@00003074: $29 <= 00000064
                 445@00003078: $30 <= 00000088
                 455@0000307c: $31 <= 00000040
                 455@00003080: *00000064 <= 00000018
                 485@00003088: $31 <= 00003090
                 495@0000308c: $ 3 <= 0000309c
                 515@0000309c: $ 3 <= 00000000
                 535@00003094: $ 3 <= 00003098
                 545@0000309c: $ 3 <= 00000000
                 545@000030a0: *00000030 <= 00000018
                 565@000030a4: $31 <= 000030ac
                 585@0000331c: $ 1 <= 00000000
                 595@00003320: $15 <= 00000000
                 605@00003324: $ 8 <= 00000000
                 615@00003328: $ 8 <= 0000000a
                 625@0000332c: $12 <= 00000000
                 635@00003330: $12 <= 00000001
                 645@00003334: $15 <= 00000001
                 675@0000333c: $ 2 <= 00940000
                 695@00003344: $ 3 <= 00940000
                 705@00003348: $ 3 <= 00010000
                 715@0000334c: $ 1 <= ffff0000
                 725@00003350: $ 1 <= 00000000
                 735@00003354: $ 2 <= 00000000
                 755@00003358: $ 1 <= 00000000
                 765@0000335c: $ 2 <= 00000080
                 775@00003360: $ 3 <= 00010000
                 785@00003364: $ 3 <= 00000000
                 785@00003368: *00000000 <= 00000000
                 805@0000336c: $ 4 <= 00000044
                 805@00003370: *0000001c <= 00000000
                 825@00003374: $ 4 <= 00380000
                 845@0000337c: $ 3 <= 00000000
                 885@00003388: $ 1 <= 00000078
                 895@0000338c: $ 1 <= 00000000
                 905@00003390: $ 2 <= 00000000
                 925@00003394: $ 2 <= 00000000
                 935@0000339c: *00000088 <= 00000000
                 955@00003334: $15 <= 00000002
                 985@0000333c: $ 2 <= 00940000
                1005@00003344: $ 3 <= 00940000
                1015@00003348: $ 3 <= 00010000
                1025@0000334c: $ 1 <= ffff0000
                1035@00003350: $ 1 <= 00000000
                1045@00003354: $ 2 <= 00000000
                1065@00003358: $ 1 <= 00000000
                1075@0000335c: $ 2 <= 00000080
                1085@00003360: $ 3 <= 00390000
                1095@00003364: $ 3 <= 00000000
                1095@00003368: *00000000 <= 00000000
                1115@0000336c: $ 4 <= 00000044
                1115@00003370: *0000001c <= 00000000
                1135@00003374: $ 4 <= 00380000
                1155@0000337c: $ 3 <= 00000000
                1195@00003388: $ 1 <= 00000078
                1205@0000338c: $ 1 <= 00000000
                1215@00003390: $ 2 <= 00000000
                1235@00003394: $ 2 <= 00000000
                1245@0000339c: *00000088 <= 00000000
                1265@00003334: $15 <= 00000003
                1295@0000333c: $ 2 <= 00940000
                1315@00003344: $ 3 <= 00940000
                1325@00003348: $ 3 <= 00010000
                1335@0000334c: $ 1 <= ffff0000
                1345@00003350: $ 1 <= 00000000
                1355@00003354: $ 2 <= 00000000
                1375@00003358: $ 1 <= 00000000
                1385@0000335c: $ 2 <= 00000080
                1395@00003360: $ 3 <= 00390000
                1405@00003364: $ 3 <= 00000000
                1405@00003368: *00000000 <= 00000000
                1425@0000336c: $ 4 <= 00000044
                1425@00003370: *0000001c <= 00000000
                1445@00003374: $ 4 <= 00380000
                1465@0000337c: $ 3 <= 00000000
                1505@00003388: $ 1 <= 00000078
                1515@0000338c: $ 1 <= 00000000
                1525@00003390: $ 2 <= 00000000
                1545@00003394: $ 2 <= 00000000
                1555@0000339c: *00000088 <= 00000000
                1575@00003334: $15 <= 00000004
                1605@0000333c: $ 2 <= 00940000
                1625@00003344: $ 3 <= 00940000
                1635@00003348: $ 3 <= 00010000
                1645@0000334c: $ 1 <= ffff0000
                1655@00003350: $ 1 <= 00000000
                1665@00003354: $ 2 <= 00000000
                1685@00003358: $ 1 <= 00000000
                1695@0000335c: $ 2 <= 00000080
                1705@00003360: $ 3 <= 00390000
                1715@00003364: $ 3 <= 00000000
                1715@00003368: *00000000 <= 00000000
                1735@0000336c: $ 4 <= 00000044
                1735@00003370: *0000001c <= 00000000
                1755@00003374: $ 4 <= 00380000
                1775@0000337c: $ 3 <= 00000000
                1815@00003388: $ 1 <= 00000078
                1825@0000338c: $ 1 <= 00000000
                1835@00003390: $ 2 <= 00000000
                1855@00003394: $ 2 <= 00000000
                1865@0000339c: *00000088 <= 00000000
                1885@00003334: $15 <= 00000005
                1915@0000333c: $ 2 <= 00940000
                1935@00003344: $ 3 <= 00940000
                1945@00003348: $ 3 <= 00010000
                1955@0000334c: $ 1 <= ffff0000
                1965@00003350: $ 1 <= 00000000
                1975@00003354: $ 2 <= 00000000
                1995@00003358: $ 1 <= 00000000
                2005@0000335c: $ 2 <= 00000080
                2015@00003360: $ 3 <= 00390000
                2025@00003364: $ 3 <= 00000000
                2025@00003368: *00000000 <= 00000000
                2045@0000336c: $ 4 <= 00000044
                2045@00003370: *0000001c <= 00000000
                2065@00003374: $ 4 <= 00380000
                2085@0000337c: $ 3 <= 00000000
                2125@00003388: $ 1 <= 00000078
                2135@0000338c: $ 1 <= 00000000
                2145@00003390: $ 2 <= 00000000
                2165@00003394: $ 2 <= 00000000
                2175@0000339c: *00000088 <= 00000000
                2195@00003334: $15 <= 00000006
                2225@0000333c: $ 2 <= 00940000
                2245@00003344: $ 3 <= 00940000
                2255@00003348: $ 3 <= 00010000
                2265@0000334c: $ 1 <= ffff0000
                2275@00003350: $ 1 <= 00000000
                2285@00003354: $ 2 <= 00000000
                2305@00003358: $ 1 <= 00000000
                2315@0000335c: $ 2 <= 00000080
                2325@00003360: $ 3 <= 00390000
                2335@00003364: $ 3 <= 00000000
                2335@00003368: *00000000 <= 00000000
                2355@0000336c: $ 4 <= 00000044
                2355@00003370: *0000001c <= 00000000
                2375@00003374: $ 4 <= 00380000
                2395@0000337c: $ 3 <= 00000000
                2435@00003388: $ 1 <= 00000078
                2445@0000338c: $ 1 <= 00000000
                2455@00003390: $ 2 <= 00000000
                2475@00003394: $ 2 <= 00000000
                2485@0000339c: *00000088 <= 00000000
                2505@00003334: $15 <= 00000007
                2535@0000333c: $ 2 <= 00940000
                2555@00003344: $ 3 <= 00940000
                2565@00003348: $ 3 <= 00010000
                2575@0000334c: $ 1 <= ffff0000
                2585@00003350: $ 1 <= 00000000
                2595@00003354: $ 2 <= 00000000
                2615@00003358: $ 1 <= 00000000
                2625@0000335c: $ 2 <= 00000080
                2635@00003360: $ 3 <= 00390000
                2645@00003364: $ 3 <= 00000000
                2645@00003368: *00000000 <= 00000000
                2665@0000336c: $ 4 <= 00000044
                2665@00003370: *0000001c <= 00000000
                2685@00003374: $ 4 <= 00380000
                2705@0000337c: $ 3 <= 00000000
                2745@00003388: $ 1 <= 00000078
                2755@0000338c: $ 1 <= 00000000
                2765@00003390: $ 2 <= 00000000
                2785@00003394: $ 2 <= 00000000
                2795@0000339c: *00000088 <= 00000000
                2815@00003334: $15 <= 00000008
                2845@0000333c: $ 2 <= 00940000
                2865@00003344: $ 3 <= 00940000
                2875@00003348: $ 3 <= 00010000
                2885@0000334c: $ 1 <= ffff0000
                2895@00003350: $ 1 <= 00000000
                2905@00003354: $ 2 <= 00000000
                2925@00003358: $ 1 <= 00000000
                2935@0000335c: $ 2 <= 00000080
                2945@00003360: $ 3 <= 00390000
                2955@00003364: $ 3 <= 00000000
                2955@00003368: *00000000 <= 00000000
                2975@0000336c: $ 4 <= 00000044
                2975@00003370: *0000001c <= 00000000
                2995@00003374: $ 4 <= 00380000
                3015@0000337c: $ 3 <= 00000000
                3055@00003388: $ 1 <= 00000078
                3065@0000338c: $ 1 <= 00000000
                3075@00003390: $ 2 <= 00000000
                3095@00003394: $ 2 <= 00000000
                3105@0000339c: *00000088 <= 00000000
                3125@00003334: $15 <= 00000009
                3155@0000333c: $ 2 <= 00940000
                3175@00003344: $ 3 <= 00940000
                3185@00003348: $ 3 <= 00010000
                3195@0000334c: $ 1 <= ffff0000
                3205@00003350: $ 1 <= 00000000
                3215@00003354: $ 2 <= 00000000
                3235@00003358: $ 1 <= 00000000
                3245@0000335c: $ 2 <= 00000080
                3255@00003360: $ 3 <= 00390000
                3265@00003364: $ 3 <= 00000000
                3265@00003368: *00000000 <= 00000000
                3285@0000336c: $ 4 <= 00000044
                3285@00003370: *0000001c <= 00000000
                3305@00003374: $ 4 <= 00380000
                3325@0000337c: $ 3 <= 00000000
                3365@00003388: $ 1 <= 00000078
                3375@0000338c: $ 1 <= 00000000
                3385@00003390: $ 2 <= 00000000
                3405@00003394: $ 2 <= 00000000
                3415@0000339c: *00000088 <= 00000000
                3435@00003334: $15 <= 0000000a
                3465@0000333c: $ 2 <= 00940000
                3475@000033f0: $ 2 <= 00000000
                3485@000033f4: $ 2 <= 000030ac
                3495@000033f8: $31 <= 00000000
                3505@000033fc: $31 <= 000030ac
                3515@00003400: $ 2 <= 00100000
                3535@00003408: $ 4 <= 00000000
                3545@000030ac: $ 3 <= 00000000
                3565@000030b0: $ 3 <= 00000000
                3565@000030b4: *00000058 <= 00000000
                3585@000030b8: $ 1 <= 00000000
                3595@000030bc: $31 <= 000030c4
                3605@000030c0: $ 2 <= 00100000
                3615@0000340c: $ 4 <= 001030c4
                3625@00003410: $17 <= 00000000
                3635@00003414: $ 7 <= 00000000
                3645@00003418: $ 7 <= 0000000a
                3655@0000341c: $12 <= 00000000
                3665@00003420: $12 <= 00000001
                3675@00003424: $17 <= 00000001
                3705@0000342c: $ 3 <= 00000000
                3715@00003434: *00000024 <= 00000000
                3735@00003438: $ 2 <= 00000000
                3745@0000343c: $ 2 <= 00000000
                3755@00003440: $ 2 <= 00480000
                3755@00003444: *00000044 <= 00000000
                3775@00003448: $ 4 <= 00000000
                3785@0000344c: $ 4 <= 00000000
                3795@00003450: $ 3 <= 00000000
                3805@00003454: $ 3 <= 0000002c
                3815@00003458: $ 3 <= 00000000
                3815@0000345c: *00000040 <= 00000000
                3835@00003460: $ 3 <= 00940000
                3855@00003468: $ 4 <= 00000000
                3865@0000346c: $ 2 <= 01280000
                3875@00003470: $ 4 <= 01280000
                3895@00003478: $ 4 <= 00000060
                3915@00003480: $ 3 <= 00000000
                3915@00003484: *0000004c <= 00000000
                3945@0000348c: $ 3 <= 00000000
                3945@00003490: *00000098 <= 00000000
                3955@00003494: *00000044 <= 00000000
                3975@00003498: $ 4 <= ffffffa0
                3985@0000349c: $ 3 <= 00000000
                3995@000034a0: $ 3 <= 0000000c
                3995@000034a4: *00000000 <= 0000000c
                4015@000034a8: $ 3 <= 0000000c
                4035@000034ac: $ 3 <= 00000000
                4035@000034b0: *00000088 <= 00000000
                4055@000034b4: $ 4 <= 01280000
                4095@000034c4: $ 1 <= 01280000
                4105@000034c8: $ 3 <= 00000000
                4115@000034cc: $ 3 <= 000030c4
                4125@000034d0: $31 <= 00000000
                4135@000034d4: $31 <= 000030c4
                4165@000034dc: $ 1 <= 01280000
                4175@000030c4: $ 2 <= 01280000
                4185@000030c8: $ 1 <= 012830c4
                4195@000030cc: $31 <= 000030d4
                4195@000030d0: *000000d4 <= 00000000
                4225@000030e0: $ 2 <= 00000000
                4255@000030e0: $ 2 <= 00000000
                4265@000030e4: $ 2 <= 00000084
                4265@000030e8: *00000018 <= 012830c4
                4285@000030ec: $31 <= 000030f4
                4295@000030f0: $ 3 <= 00000000
                4305@000034e0: $ 2 <= 000030fc
                4315@000034e4: $27 <= 00000000
                4325@000034e8: $19 <= 00000000
                4335@000034ec: $19 <= 0000000a
                4345@000034f0: $21 <= 00000000
                4355@000034f4: $21 <= 00000001
                4365@000034f8: $27 <= 00000001
                4395@00003500: $ 4 <= 00000000
                4405@00003504: $ 2 <= 000030fc
                4425@00003510: *00000000 <= 00000000
                4445@00003514: $ 2 <= 00000000
                4465@0000351c: *00000010 <= 00000000
                4485@00003520: $ 3 <= 00000000
                4495@00003524: $ 3 <= 00000058
                4505@00003528: $ 1 <= 00000000
                4515@0000352c: $ 3 <= 00000000
                4515@00003530: *00000060 <= 00000000
                4535@00003534: $ 2 <= 00000000
                4545@00003538: $ 1 <= 00000000
                4565@00003540: $ 4 <= 00000000
                4575@00003544: $ 4 <= 00000080
                4575@00003548: *00000000 <= 00000080
                4595@0000354c: $ 4 <= 00000088
                4605@00003550: $ 1 <= 00000080
                4615@00003554: *000000e4 <= 00000088
                4635@00003558: $ 1 <= 00000000
                4655@00003564: *00000078 <= 00000000
                4675@000034f8: $27 <= 00000002
                4705@00003500: $ 4 <= 00000000
                4715@00003504: $ 2 <= 00000000
                4735@00003510: *00000000 <= 00000000
                4755@00003514: $ 2 <= 00000000
                4775@0000351c: *00000010 <= 00000000
                4795@00003520: $ 3 <= 00000000
                4805@00003524: $ 3 <= 00000058
                4815@00003528: $ 1 <= 00000000
                4825@0000352c: $ 3 <= 00000000
                4825@00003530: *00000060 <= 00000000
                4845@00003534: $ 2 <= 00000000
                4855@00003538: $ 1 <= 00000000
                4875@00003540: $ 4 <= 00000000
                4885@00003544: $ 4 <= 00000080
                4885@00003548: *00000000 <= 00000080
                4905@0000354c: $ 4 <= 00000088
                4915@00003550: $ 1 <= 00000080
                4925@00003554: *000000e4 <= 00000088
                4945@00003558: $ 1 <= 00000000
                4965@00003564: *00000078 <= 00000000
                4985@000034f8: $27 <= 00000003
                5015@00003500: $ 4 <= 00000000
                5025@00003504: $ 2 <= 00000000
                5045@00003510: *00000000 <= 00000000
                5065@00003514: $ 2 <= 00000000
                5085@0000351c: *00000010 <= 00000000
                5105@00003520: $ 3 <= 00000000
                5115@00003524: $ 3 <= 00000058
                5125@00003528: $ 1 <= 00000000
                5135@0000352c: $ 3 <= 00000000
                5135@00003530: *00000060 <= 00000000
                5155@00003534: $ 2 <= 00000000
                5165@00003538: $ 1 <= 00000000
                5185@00003540: $ 4 <= 00000000
                5195@00003544: $ 4 <= 00000080
                5195@00003548: *00000000 <= 00000080
                5215@0000354c: $ 4 <= 00000088
                5225@00003550: $ 1 <= 00000080
                5235@00003554: *000000e4 <= 00000088
                5255@00003558: $ 1 <= 00000000
                5275@00003564: *00000078 <= 00000000
                5295@000034f8: $27 <= 00000004
                5325@00003500: $ 4 <= 00000000
                5335@00003504: $ 2 <= 00000000
                5355@00003510: *00000000 <= 00000000
                5375@00003514: $ 2 <= 00000000
                5395@0000351c: *00000010 <= 00000000
                5415@00003520: $ 3 <= 00000000
                5425@00003524: $ 3 <= 00000058
                5435@00003528: $ 1 <= 00000000
                5445@0000352c: $ 3 <= 00000000
                5445@00003530: *00000060 <= 00000000
                5465@00003534: $ 2 <= 00000000
                5475@00003538: $ 1 <= 00000000
                5495@00003540: $ 4 <= 00000000
                5505@00003544: $ 4 <= 00000080
                5505@00003548: *00000000 <= 00000080
                5525@0000354c: $ 4 <= 00000088
                5535@00003550: $ 1 <= 00000080
                5545@00003554: *000000e4 <= 00000088
                5565@00003558: $ 1 <= 00000000
                5585@00003564: *00000078 <= 00000000
                5605@000034f8: $27 <= 00000005
                5635@00003500: $ 4 <= 00000000
                5645@00003504: $ 2 <= 00000000
                5665@00003510: *00000000 <= 00000000
                5685@00003514: $ 2 <= 00000000
                5705@0000351c: *00000010 <= 00000000
                5725@00003520: $ 3 <= 00000000
                5735@00003524: $ 3 <= 00000058
                5745@00003528: $ 1 <= 00000000
                5755@0000352c: $ 3 <= 00000000
                5755@00003530: *00000060 <= 00000000
                5775@00003534: $ 2 <= 00000000
                5785@00003538: $ 1 <= 00000000
                5805@00003540: $ 4 <= 00000000
                5815@00003544: $ 4 <= 00000080
                5815@00003548: *00000000 <= 00000080
                5835@0000354c: $ 4 <= 00000088
                5845@00003550: $ 1 <= 00000080
                5855@00003554: *000000e4 <= 00000088
                5875@00003558: $ 1 <= 00000000
                5895@00003564: *00000078 <= 00000000
                5915@000034f8: $27 <= 00000006
                5945@00003500: $ 4 <= 00000000
                5955@00003504: $ 2 <= 00000000
                5975@00003510: *00000000 <= 00000000
                5995@00003514: $ 2 <= 00000000
                6015@0000351c: *00000010 <= 00000000
                6035@00003520: $ 3 <= 00000000
                6045@00003524: $ 3 <= 00000058
                6055@00003528: $ 1 <= 00000000
                6065@0000352c: $ 3 <= 00000000
                6065@00003530: *00000060 <= 00000000
                6085@00003534: $ 2 <= 00000000
                6095@00003538: $ 1 <= 00000000
                6115@00003540: $ 4 <= 00000000
                6125@00003544: $ 4 <= 00000080
                6125@00003548: *00000000 <= 00000080
                6145@0000354c: $ 4 <= 00000088
                6155@00003550: $ 1 <= 00000080
                6165@00003554: *000000e4 <= 00000088
                6185@00003558: $ 1 <= 00000000
                6205@00003564: *00000078 <= 00000000
                6225@000034f8: $27 <= 00000007
                6255@00003500: $ 4 <= 00000000
                6265@00003504: $ 2 <= 00000000
                6285@00003510: *00000000 <= 00000000
                6305@00003514: $ 2 <= 00000000
                6325@0000351c: *00000010 <= 00000000
                6345@00003520: $ 3 <= 00000000
                6355@00003524: $ 3 <= 00000058
                6365@00003528: $ 1 <= 00000000
                6375@0000352c: $ 3 <= 00000000
                6375@00003530: *00000060 <= 00000000
                6395@00003534: $ 2 <= 00000000
                6405@00003538: $ 1 <= 00000000
                6425@00003540: $ 4 <= 00000000
                6435@00003544: $ 4 <= 00000080
                6435@00003548: *00000000 <= 00000080
                6455@0000354c: $ 4 <= 00000088
                6465@00003550: $ 1 <= 00000080
                6475@00003554: *000000e4 <= 00000088
                6495@00003558: $ 1 <= 00000000
                6515@00003564: *00000078 <= 00000000
                6535@000034f8: $27 <= 00000008
                6565@00003500: $ 4 <= 00000000
                6575@00003504: $ 2 <= 00000000
                6595@00003510: *00000000 <= 00000000
                6615@00003514: $ 2 <= 00000000
                6635@0000351c: *00000010 <= 00000000
                6655@00003520: $ 3 <= 00000000
                6665@00003524: $ 3 <= 00000058
                6675@00003528: $ 1 <= 00000000
                6685@0000352c: $ 3 <= 00000000
                6685@00003530: *00000060 <= 00000000
                6705@00003534: $ 2 <= 00000000
                6715@00003538: $ 1 <= 00000000
                6735@00003540: $ 4 <= 00000000
                6745@00003544: $ 4 <= 00000080
                6745@00003548: *00000000 <= 00000080
                6765@0000354c: $ 4 <= 00000088
                6775@00003550: $ 1 <= 00000080
                6785@00003554: *000000e4 <= 00000088
                6805@00003558: $ 1 <= 00000000
                6825@00003564: *00000078 <= 00000000
                6845@000034f8: $27 <= 00000009
                6875@00003500: $ 4 <= 00000000
                6885@00003504: $ 2 <= 00000000
                6905@00003510: *00000000 <= 00000000
                6925@00003514: $ 2 <= 00000000
                6945@0000351c: *00000010 <= 00000000
                6965@00003520: $ 3 <= 00000000
                6975@00003524: $ 3 <= 00000058
                6985@00003528: $ 1 <= 00000000
                6995@0000352c: $ 3 <= 00000000
                6995@00003530: *00000060 <= 00000000
                7015@00003534: $ 2 <= 00000000
                7025@00003538: $ 1 <= 00000000
                7045@00003540: $ 4 <= 00000000
                7055@00003544: $ 4 <= 00000080
                7055@00003548: *00000000 <= 00000080
                7075@0000354c: $ 4 <= 00000088
                7085@00003550: $ 1 <= 00000080
                7095@00003554: *000000e4 <= 00000088
                7115@00003558: $ 1 <= 00000000
                7135@00003564: *00000078 <= 00000000
                7155@000034f8: $27 <= 0000000a
                7185@00003500: $ 4 <= 00000000
                7195@000035d8: $ 4 <= 00000000
                7195@000035dc: *00000038 <= 000030f4
                7215@000035e0: $31 <= 00000000
                7225@000035e4: $31 <= 000030f4
                7265@000035ec: $ 4 <= 00000000
                7275@000030f4: $ 3 <= 00000000
                7285@000030f8: $ 3 <= 00000000
                7285@000030fc: *00000014 <= 00000000
                7305@00003100: $31 <= 00003108
                7305@00003104: *00000108 <= 00000000
                7345@0000310c: *00000108 <= 00000000
                7375@00003118: $31 <= 00003120
                7385@0000311c: $ 2 <= 00000000
                7405@000035f4: $ 3 <= 00640000
                7415@000035f8: $ 3 <= 00000000
                7415@000035fc: *00000030 <= 00000000
                7455@00003608: $ 1 <= 00900000
                7465@0000360c: $ 4 <= 00900000
                7475@00003610: $ 3 <= 00000000
                7485@00003614: $ 2 <= 00000000
                7495@00003618: $ 1 <= 00000000
                7515@00003620: $ 1 <= 01200000
                7525@00003624: $ 4 <= 00400000
                7525@00003628: *00000090 <= 00000000
                7545@0000362c: $ 4 <= ffc00000
                7565@00003634: $ 2 <= ffc00000
                7575@00003680: $ 4 <= 00000000
                7585@00003684: $ 2 <= 00003120
                7595@00003688: $31 <= 00000000
                7605@0000368c: $31 <= 00003120
                7625@00003694: *00000070 <= 00000000
                7645@00003120: $ 3 <= 01200000
                7645@00003124: *00000068 <= 00000000
                7665@00003128: $31 <= 00003130
                7695@0000313c: $ 2 <= 00000000
                7705@00003134: *00000130 <= 00000000
                7725@0000313c: $ 2 <= 00000000
                7735@00003140: $31 <= 00003148
                7755@00003698: $ 4 <= 00000000
                7765@0000369c: $21 <= 00000000
                7775@000036a0: $ 5 <= 00000000
                7785@000036a4: $ 5 <= 0000000a
                7795@000036a8: $12 <= 00000000
                7805@000036ac: $12 <= 00000001
                7815@000036b0: $21 <= 00000001
                7845@000036b8: $ 1 <= 00000000
                7855@000036bc: $ 2 <= 00000000
                7865@000036c0: $ 1 <= 01200018
                7875@000036c4: $ 3 <= 00000000
                7875@000036c8: *0000000c <= 00000000
                7895@000036cc: $ 2 <= 00000000
                7905@000036d0: $ 1 <= 00000000
                7915@000036d4: $ 3 <= 00000000
                7925@000036d8: $ 3 <= 00000058
                7925@000036dc: *0000000c <= 00000058
                7955@000036e4: $ 3 <= 00000000
                7965@000036e8: $ 1 <= 00980000
                7975@000036ec: $ 1 <= 00000000
                7995@000036f0: $ 3 <= 00000054
                7995@000036f4: *00000008 <= 00000000
                8015@000036f8: $ 2 <= 00000000
                8025@00003700: *00000030 <= 00000054
                8045@000036b0: $21 <= 00000002
                8075@000036b8: $ 1 <= 00000000
                8085@000036bc: $ 2 <= 00000000
                8095@000036c0: $ 1 <= 0000005c
                8105@000036c4: $ 3 <= 00000000
                8105@000036c8: *0000000c <= 00000000
                8125@000036cc: $ 2 <= 00000000
                8135@000036d0: $ 1 <= 00000000
                8145@000036d4: $ 3 <= 00000000
                8155@000036d8: $ 3 <= 00000058
                8155@000036dc: *0000000c <= 00000058
                8185@000036e4: $ 3 <= 00000000
                8195@000036e8: $ 1 <= 00980000
                8205@000036ec: $ 1 <= 00000000
                8225@000036f0: $ 3 <= 00000054
                8225@000036f4: *00000008 <= 00000000
                8245@000036f8: $ 2 <= 00000000
                8255@00003700: *00000030 <= 00000054
                8275@000036b0: $21 <= 00000003
                8305@000036b8: $ 1 <= 00000000
                8315@000036bc: $ 2 <= 00000000
                8325@000036c0: $ 1 <= 0000005c
                8335@000036c4: $ 3 <= 00000000
                8335@000036c8: *0000000c <= 00000000
                8355@000036cc: $ 2 <= 00000000
                8365@000036d0: $ 1 <= 00000000
                8375@000036d4: $ 3 <= 00000000
                8385@000036d8: $ 3 <= 00000058
                8385@000036dc: *0000000c <= 00000058
                8415@000036e4: $ 3 <= 00000000
                8425@000036e8: $ 1 <= 00980000
                8435@000036ec: $ 1 <= 00000000
                8455@000036f0: $ 3 <= 00000054
                8455@000036f4: *00000008 <= 00000000
                8475@000036f8: $ 2 <= 00000000
                8485@00003700: *00000030 <= 00000054
                8505@000036b0: $21 <= 00000004
                8535@000036b8: $ 1 <= 00000000
                8545@000036bc: $ 2 <= 00000000
                8555@000036c0: $ 1 <= 0000005c
                8565@000036c4: $ 3 <= 00000000
                8565@000036c8: *0000000c <= 00000000
                8585@000036cc: $ 2 <= 00000000
                8595@000036d0: $ 1 <= 00000000
                8605@000036d4: $ 3 <= 00000000
                8615@000036d8: $ 3 <= 00000058
                8615@000036dc: *0000000c <= 00000058
                8645@000036e4: $ 3 <= 00000000
                8655@000036e8: $ 1 <= 00980000
                8665@000036ec: $ 1 <= 00000000
                8685@000036f0: $ 3 <= 00000054
                8685@000036f4: *00000008 <= 00000000
                8705@000036f8: $ 2 <= 00000000
                8715@00003700: *00000030 <= 00000054
                8735@000036b0: $21 <= 00000005
                8765@000036b8: $ 1 <= 00000000
                8775@000036bc: $ 2 <= 00000000
                8785@000036c0: $ 1 <= 0000005c
                8795@000036c4: $ 3 <= 00000000
                8795@000036c8: *0000000c <= 00000000
                8815@000036cc: $ 2 <= 00000000
                8825@000036d0: $ 1 <= 00000000
                8835@000036d4: $ 3 <= 00000000
                8845@000036d8: $ 3 <= 00000058
                8845@000036dc: *0000000c <= 00000058
                8875@000036e4: $ 3 <= 00000000
                8885@000036e8: $ 1 <= 00980000
                8895@000036ec: $ 1 <= 00000000
                8915@000036f0: $ 3 <= 00000054
                8915@000036f4: *00000008 <= 00000000
                8935@000036f8: $ 2 <= 00000000
                8945@00003700: *00000030 <= 00000054
                8965@000036b0: $21 <= 00000006
                8995@000036b8: $ 1 <= 00000000
                9005@000036bc: $ 2 <= 00000000
                9015@000036c0: $ 1 <= 0000005c
                9025@000036c4: $ 3 <= 00000000
                9025@000036c8: *0000000c <= 00000000
                9045@000036cc: $ 2 <= 00000000
                9055@000036d0: $ 1 <= 00000000
                9065@000036d4: $ 3 <= 00000000
                9075@000036d8: $ 3 <= 00000058
                9075@000036dc: *0000000c <= 00000058
                9105@000036e4: $ 3 <= 00000000
                9115@000036e8: $ 1 <= 00980000
                9125@000036ec: $ 1 <= 00000000
                9145@000036f0: $ 3 <= 00000054
                9145@000036f4: *00000008 <= 00000000
                9165@000036f8: $ 2 <= 00000000
                9175@00003700: *00000030 <= 00000054
                9195@000036b0: $21 <= 00000007
                9225@000036b8: $ 1 <= 00000000
                9235@000036bc: $ 2 <= 00000000
                9245@000036c0: $ 1 <= 0000005c
                9255@000036c4: $ 3 <= 00000000
                9255@000036c8: *0000000c <= 00000000
                9275@000036cc: $ 2 <= 00000000
                9285@000036d0: $ 1 <= 00000000
                9295@000036d4: $ 3 <= 00000000
                9305@000036d8: $ 3 <= 00000058
                9305@000036dc: *0000000c <= 00000058
                9335@000036e4: $ 3 <= 00000000
                9345@000036e8: $ 1 <= 00980000
                9355@000036ec: $ 1 <= 00000000
                9375@000036f0: $ 3 <= 00000054
                9375@000036f4: *00000008 <= 00000000
                9395@000036f8: $ 2 <= 00000000
                9405@00003700: *00000030 <= 00000054
                9425@000036b0: $21 <= 00000008
                9455@000036b8: $ 1 <= 00000000
                9465@000036bc: $ 2 <= 00000000
                9475@000036c0: $ 1 <= 0000005c
                9485@000036c4: $ 3 <= 00000000
                9485@000036c8: *0000000c <= 00000000
                9505@000036cc: $ 2 <= 00000000
                9515@000036d0: $ 1 <= 00000000
                9525@000036d4: $ 3 <= 00000000
                9535@000036d8: $ 3 <= 00000058
                9535@000036dc: *0000000c <= 00000058
                9565@000036e4: $ 3 <= 00000000
                9575@000036e8: $ 1 <= 00980000
                9585@000036ec: $ 1 <= 00000000
                9605@000036f0: $ 3 <= 00000054
                9605@000036f4: *00000008 <= 00000000
                9625@000036f8: $ 2 <= 00000000
                9635@00003700: *00000030 <= 00000054
                9655@000036b0: $21 <= 00000009
                9685@000036b8: $ 1 <= 00000000
                9695@000036bc: $ 2 <= 00000000
                9705@000036c0: $ 1 <= 0000005c
                9715@000036c4: $ 3 <= 00000000
                9715@000036c8: *0000000c <= 00000000
                9735@000036cc: $ 2 <= 00000000
                9745@000036d0: $ 1 <= 00000000
                9755@000036d4: $ 3 <= 00000000
                9765@000036d8: $ 3 <= 00000058
                9765@000036dc: *0000000c <= 00000058
                9795@000036e4: $ 3 <= 00000000
                9805@000036e8: $ 1 <= 00980000
                9815@000036ec: $ 1 <= 00000000
                9835@000036f0: $ 3 <= 00000054
                9835@000036f4: *00000008 <= 00000000
                9855@000036f8: $ 2 <= 00000000
                9865@00003700: *00000030 <= 00000054
                9885@000036b0: $21 <= 0000000a
                9915@000036b8: $ 1 <= 00000000
                9925@0000375c: $ 2 <= 00000000
                9935@00003760: $ 3 <= 00003148
                9945@00003764: $31 <= 00000000
                9955@00003768: $31 <= 00003148
                9985@00003770: $ 1 <= 00000000
                9995@00003148: $ 2 <= 00003148
               10005@0000314c: $ 2 <= 00000000
               10015@00003150: $ 2 <= 00000080
               10015@00003154: *00000074 <= 00003148
               10035@00003158: $31 <= 00003160
               10035@0000315c: *00000160 <= 00000000
               10065@0000316c: $ 1 <= 00140000
               10075@00003164: *00000160 <= 00003148
               10095@0000316c: $ 1 <= 00140000
               10105@00003170: $31 <= 00003178
               10105@00003174: *00000034 <= 00000000
               10125@00003774: $ 2 <= 00000000
               10135@00003778: $28 <= 00000000
               10145@0000377c: $21 <= 00000000
               10155@00003780: $21 <= 0000000a
               10165@00003784: $ 9 <= 00000000
               10175@00003788: $ 9 <= 00000001
               10185@0000378c: $28 <= 00000001
               10205@00003794: *00000034 <= 00140000
               10225@00003798: $ 2 <= 00180000
               10235@0000379c: $ 1 <= 00000000
               10235@000037a0: *0000007c <= 00000000
               10255@000037a4: $ 1 <= 00000000
               10265@000037a8: $ 3 <= 00000000
               10275@000037ac: $ 2 <= 00000000
               10285@000037b0: $ 3 <= 00000000
               10305@000037b4: $ 2 <= 00000000
               10325@000037bc: $ 4 <= 00680000
               10335@000037c4: *00000084 <= 00000000
               10355@0000378c: $28 <= 00000002
               10375@00003794: *00000034 <= 00000000
               10395@00003798: $ 2 <= 00180000
               10405@0000379c: $ 1 <= 00000000
               10405@000037a0: *0000007c <= 00000000
               10425@000037a4: $ 1 <= ff980000
               10435@000037a8: $ 3 <= 00000000
               10445@000037ac: $ 2 <= 00000000
               10455@000037b0: $ 3 <= 00000000
               10475@000037b4: $ 2 <= 00000000
               10495@000037bc: $ 4 <= 00680000
               10505@000037c4: *00000084 <= ff980000
               10515@000037c8: *00000040 <= 00000000
               10535@000037cc: $ 3 <= 00000000
               10545@000037d0: $ 4 <= 00000000
               10565@000037d8: $ 2 <= 00000000
               10565@000037dc: *00000020 <= ff980000
               10585@000037e0: $ 1 <= 00000000
               10585@000037e4: *00000004 <= 00000000
               10605@000037e8: $ 3 <= 00000000
               10615@000037f0: *00000084 <= 00000000
               10635@0000378c: $28 <= 00000003
               10655@00003794: *00000034 <= 00000000
               10675@00003798: $ 2 <= 00180000
               10685@0000379c: $ 1 <= 00000000
               10685@000037a0: *0000007c <= 00000000
               10705@000037a4: $ 1 <= 00000000
               10715@000037a8: $ 3 <= 00000000
               10725@000037ac: $ 2 <= 00000000
               10735@000037b0: $ 3 <= 00000000
               10755@000037b4: $ 2 <= 00000000
               10775@000037bc: $ 4 <= 00680000
               10785@000037c4: *00000084 <= 00000000
               10805@0000378c: $28 <= 00000004
               10825@00003794: *00000034 <= 00000000
               10845@00003798: $ 2 <= 00180000
               10855@0000379c: $ 1 <= 00000000
               10855@000037a0: *0000007c <= 00000000
               10875@000037a4: $ 1 <= ff980000
               10885@000037a8: $ 3 <= 00000000
               10895@000037ac: $ 2 <= 00000000
               10905@000037b0: $ 3 <= 00000000
               10925@000037b4: $ 2 <= 00000000
               10945@000037bc: $ 4 <= 00680000
               10955@000037c4: *00000084 <= ff980000
               10965@000037c8: *00000040 <= 00000000
               10985@000037cc: $ 3 <= 00000000
               10995@000037d0: $ 4 <= 00000000
               11015@000037d8: $ 2 <= 00000000
               11015@000037dc: *00000020 <= ff980000
               11035@000037e0: $ 1 <= 00000000
               11035@000037e4: *00000004 <= 00000000
               11055@000037e8: $ 3 <= 00000000
               11065@000037f0: *00000084 <= 00000000
               11085@0000378c: $28 <= 00000005
               11105@00003794: *00000034 <= 00000000
               11125@00003798: $ 2 <= 00180000
               11135@0000379c: $ 1 <= 00000000
               11135@000037a0: *0000007c <= 00000000
               11155@000037a4: $ 1 <= 00000000
               11165@000037a8: $ 3 <= 00000000
               11175@000037ac: $ 2 <= 00000000
               11185@000037b0: $ 3 <= 00000000
               11205@000037b4: $ 2 <= 00000000
               11225@000037bc: $ 4 <= 00680000
               11235@000037c4: *00000084 <= 00000000
               11255@0000378c: $28 <= 00000006
               11275@00003794: *00000034 <= 00000000
               11295@00003798: $ 2 <= 00180000
               11305@0000379c: $ 1 <= 00000000
               11305@000037a0: *0000007c <= 00000000
               11325@000037a4: $ 1 <= ff980000
               11335@000037a8: $ 3 <= 00000000
               11345@000037ac: $ 2 <= 00000000
               11355@000037b0: $ 3 <= 00000000
               11375@000037b4: $ 2 <= 00000000
               11395@000037bc: $ 4 <= 00680000
               11405@000037c4: *00000084 <= ff980000
               11415@000037c8: *00000040 <= 00000000
               11435@000037cc: $ 3 <= 00000000
               11445@000037d0: $ 4 <= 00000000
               11465@000037d8: $ 2 <= 00000000
               11465@000037dc: *00000020 <= ff980000
               11485@000037e0: $ 1 <= 00000000
               11485@000037e4: *00000004 <= 00000000
               11505@000037e8: $ 3 <= 00000000
               11515@000037f0: *00000084 <= 00000000
               11535@0000378c: $28 <= 00000007
               11555@00003794: *00000034 <= 00000000
               11575@00003798: $ 2 <= 00180000
               11585@0000379c: $ 1 <= 00000000
               11585@000037a0: *0000007c <= 00000000
               11605@000037a4: $ 1 <= 00000000
               11615@000037a8: $ 3 <= 00000000
               11625@000037ac: $ 2 <= 00000000
               11635@000037b0: $ 3 <= 00000000
               11655@000037b4: $ 2 <= 00000000
               11675@000037bc: $ 4 <= 00680000
               11685@000037c4: *00000084 <= 00000000
               11705@0000378c: $28 <= 00000008
               11725@00003794: *00000034 <= 00000000
               11745@00003798: $ 2 <= 00180000
               11755@0000379c: $ 1 <= 00000000
               11755@000037a0: *0000007c <= 00000000
               11775@000037a4: $ 1 <= ff980000
               11785@000037a8: $ 3 <= 00000000
               11795@000037ac: $ 2 <= 00000000
               11805@000037b0: $ 3 <= 00000000
               11825@000037b4: $ 2 <= 00000000
               11845@000037bc: $ 4 <= 00680000
               11855@000037c4: *00000084 <= ff980000
               11865@000037c8: *00000040 <= 00000000
               11885@000037cc: $ 3 <= 00000000
               11895@000037d0: $ 4 <= 00000000
               11915@000037d8: $ 2 <= 00000000
               11915@000037dc: *00000020 <= ff980000
               11935@000037e0: $ 1 <= 00000000
               11935@000037e4: *00000004 <= 00000000
               11955@000037e8: $ 3 <= 00000000
               11965@000037f0: *00000084 <= 00000000
               11985@0000378c: $28 <= 00000009
               12005@00003794: *00000034 <= 00000000
               12025@00003798: $ 2 <= 00180000
               12035@0000379c: $ 1 <= 00000000
               12035@000037a0: *0000007c <= 00000000
               12055@000037a4: $ 1 <= 00000000
               12065@000037a8: $ 3 <= 00000000
               12075@000037ac: $ 2 <= 00000000
               12085@000037b0: $ 3 <= 00000000
               12105@000037b4: $ 2 <= 00000000
               12125@000037bc: $ 4 <= 00680000
               12135@000037c4: *00000084 <= 00000000
               12155@0000378c: $28 <= 0000000a
               12175@00003794: *00000034 <= 00000000
               12195@00003814: $ 3 <= 00000000
               12205@00003818: $ 2 <= 00003178
               12215@0000381c: $31 <= 000062f0
               12225@00003820: $31 <= 00003178
               12255@00003828: $ 2 <= 00000000
               12265@00003178: $ 3 <= 00000024
               12285@00003184: *00000000 <= 00000000
               12305@00003188: $ 3 <= 00000000
               12325@00003190: *0000003c <= 00000000
               12345@00003194: $31 <= 0000319c
               12355@00003198: $ 4 <= 00000000
               12375@000031a8: $ 4 <= 00000000
               12395@000031a0: $ 4 <= 0000319c
               12405@000031a8: $ 4 <= 0000319c
               12415@000031ac: $31 <= 000031b4
               12435@0000382c: $ 3 <= 00000000
               12445@00003830: $13 <= 00000000
               12455@00003834: $18 <= 00000000
               12465@00003838: $18 <= 0000000a
               12475@0000383c: $ 5 <= 00000000
               12485@00003840: $ 5 <= 00000001
               12495@00003844: $13 <= 00000001
               12525@0000384c: $ 2 <= 00940000
               12525@00003850: *00000074 <= 00000000
               12545@00003854: $ 2 <= 00000000
               12565@00003860: *00000000 <= 00000000
               12595@00003868: $ 1 <= 00000000
               12605@0000386c: *00000050 <= 00000000
               12625@00003870: $ 1 <= 0000319c
               12635@00003874: $ 4 <= 00000000
               12635@00003878: *00000084 <= 00000000
               12645@0000387c: *00000070 <= 00000000
               12675@00003884: $ 1 <= 00000000
               12725@00003844: $13 <= 00000002
               12755@0000384c: $ 2 <= 00940000
               12755@00003850: *00000074 <= 00000000
               12775@00003854: $ 2 <= 00000000
               12795@00003860: *00000000 <= 00000000
               12825@00003868: $ 1 <= 00000000
               12835@0000386c: *00000050 <= 00000000
               12855@00003870: $ 1 <= 00000000
               12865@00003874: $ 4 <= 00000000
               12865@00003878: *00000084 <= 00000000
               12875@0000387c: *00000070 <= 00000000
               12905@00003884: $ 1 <= 00000000
               12955@00003844: $13 <= 00000003
               12985@0000384c: $ 2 <= 00940000
               12985@00003850: *00000074 <= 00000000
               13005@00003854: $ 2 <= 00000000
               13025@00003860: *00000000 <= 00000000
               13055@00003868: $ 1 <= 00000000
               13065@0000386c: *00000050 <= 00000000
               13085@00003870: $ 1 <= 00000000
               13095@00003874: $ 4 <= 00000000
               13095@00003878: *00000084 <= 00000000
               13105@0000387c: *00000070 <= 00000000
               13135@00003884: $ 1 <= 00000000
               13185@00003844: $13 <= 00000004
               13215@0000384c: $ 2 <= 00940000
               13215@00003850: *00000074 <= 00000000
               13235@00003854: $ 2 <= 00000000
               13255@00003860: *00000000 <= 00000000
               13285@00003868: $ 1 <= 00000000
               13295@0000386c: *00000050 <= 00000000
               13315@00003870: $ 1 <= 00000000
               13325@00003874: $ 4 <= 00000000
               13325@00003878: *00000084 <= 00000000
               13335@0000387c: *00000070 <= 00000000
               13365@00003884: $ 1 <= 00000000
               13415@00003844: $13 <= 00000005
               13445@0000384c: $ 2 <= 00940000
               13445@00003850: *00000074 <= 00000000
               13465@00003854: $ 2 <= 00000000
               13485@00003860: *00000000 <= 00000000
               13515@00003868: $ 1 <= 00000000
               13525@0000386c: *00000050 <= 00000000
               13545@00003870: $ 1 <= 00000000
               13555@00003874: $ 4 <= 00000000
               13555@00003878: *00000084 <= 00000000
               13565@0000387c: *00000070 <= 00000000
               13595@00003884: $ 1 <= 00000000
               13645@00003844: $13 <= 00000006
               13675@0000384c: $ 2 <= 00940000
               13675@00003850: *00000074 <= 00000000
               13695@00003854: $ 2 <= 00000000
               13715@00003860: *00000000 <= 00000000
               13745@00003868: $ 1 <= 00000000
               13755@0000386c: *00000050 <= 00000000
               13775@00003870: $ 1 <= 00000000
               13785@00003874: $ 4 <= 00000000
               13785@00003878: *00000084 <= 00000000
               13795@0000387c: *00000070 <= 00000000
               13825@00003884: $ 1 <= 00000000
               13875@00003844: $13 <= 00000007
               13905@0000384c: $ 2 <= 00940000
               13905@00003850: *00000074 <= 00000000
               13925@00003854: $ 2 <= 00000000
               13945@00003860: *00000000 <= 00000000
               13975@00003868: $ 1 <= 00000000
               13985@0000386c: *00000050 <= 00000000
               14005@00003870: $ 1 <= 00000000
               14015@00003874: $ 4 <= 00000000
               14015@00003878: *00000084 <= 00000000
               14025@0000387c: *00000070 <= 00000000
               14055@00003884: $ 1 <= 00000000
               14105@00003844: $13 <= 00000008
               14135@0000384c: $ 2 <= 00940000
               14135@00003850: *00000074 <= 00000000
               14155@00003854: $ 2 <= 00000000
               14175@00003860: *00000000 <= 00000000
               14205@00003868: $ 1 <= 00000000
               14215@0000386c: *00000050 <= 00000000
               14235@00003870: $ 1 <= 00000000
               14245@00003874: $ 4 <= 00000000
               14245@00003878: *00000084 <= 00000000
               14255@0000387c: *00000070 <= 00000000
               14285@00003884: $ 1 <= 00000000
               14335@00003844: $13 <= 00000009
               14365@0000384c: $ 2 <= 00940000
               14365@00003850: *00000074 <= 00000000
               14385@00003854: $ 2 <= 00000000
               14405@00003860: *00000000 <= 00000000
               14435@00003868: $ 1 <= 00000000
               14445@0000386c: *00000050 <= 00000000
               14465@00003870: $ 1 <= 00000000
               14475@00003874: $ 4 <= 00000000
               14475@00003878: *00000084 <= 00000000
               14485@0000387c: *00000070 <= 00000000
               14515@00003884: $ 1 <= 00000000
               14565@00003844: $13 <= 0000000a
               14595@0000384c: $ 2 <= 00940000
               14605@000038f0: $ 4 <= 00000000
               14615@000038f4: $ 3 <= 000031b4
               14625@000038f8: $31 <= 00000000
               14635@000038fc: $31 <= 000031b4
               14665@00003908: $ 1 <= 00900000
               14675@000031b4: $ 1 <= 00000000
               14685@000031b8: $ 1 <= 0000002c
               14685@000031bc: *00000028 <= 00000000
               14705@000031c0: $ 2 <= 00000000
               14715@000031c4: $ 2 <= 00000068
               14715@000031c8: *00000010 <= 00000000
               14735@000031cc: $ 3 <= 00000000
               14735@000031d0: *00000074 <= 00000000
               14755@000031d4: $31 <= 000031dc
               14765@000031d8: $ 2 <= 00000000
               14785@00003910: $30 <= 00000000
               14795@00003914: $20 <= 00000000
               14805@00003918: $20 <= 0000000a
               14815@0000391c: $ 8 <= 00000000
               14825@00003920: $ 8 <= 00000001
               14835@00003924: $30 <= 00000001
               14865@0000392c: $ 2 <= 0000002c
               14875@00003930: $ 1 <= 00100000
               14885@00003934: $ 4 <= 00000000
               14895@00003938: $ 4 <= 0000000c
               14895@0000393c: *00000000 <= 0000000c
               14915@00003940: $ 3 <= 0000000c
               14935@00003944: $ 4 <= ff980000
               14935@00003948: *00000064 <= ff980000
               14955@0000394c: $ 3 <= 00000000
               14955@00003950: *00000060 <= 00000000
               14975@00003954: $ 1 <= ffffffd4
               14985@00003958: $ 1 <= ff980060
               14995@0000395c: $ 2 <= ff980074
               15015@00003964: $ 1 <= 00000050
               15015@00003968: *0000002c <= ff980074
               15045@00003970: $ 1 <= 00000000
               15055@00003924: $30 <= 00000002
               15085@0000392c: $ 2 <= 0000002c
               15095@00003930: $ 1 <= 00100000
               15105@00003934: $ 4 <= 00000000
               15115@00003938: $ 4 <= 0000000c
               15115@0000393c: *00000000 <= 0000000c
               15135@00003940: $ 3 <= 0000000c
               15155@00003944: $ 4 <= ff980000
               15155@00003948: *00000064 <= ff980000
               15175@0000394c: $ 3 <= 00000000
               15175@00003950: *00000060 <= 00000000
               15195@00003954: $ 1 <= ffffffd4
               15205@00003958: $ 1 <= ff980060
               15215@0000395c: $ 2 <= ff980074
               15235@00003964: $ 1 <= 00000050
               15235@00003968: *0000002c <= ff980074
               15265@00003970: $ 1 <= 00000000
               15275@00003924: $30 <= 00000003
               15305@0000392c: $ 2 <= 0000002c
               15315@00003930: $ 1 <= 00100000
               15325@00003934: $ 4 <= 00000000
               15335@00003938: $ 4 <= 0000000c
               15335@0000393c: *00000000 <= 0000000c
               15355@00003940: $ 3 <= 0000000c
               15375@00003944: $ 4 <= ff980000
               15375@00003948: *00000064 <= ff980000
               15395@0000394c: $ 3 <= 00000000
               15395@00003950: *00000060 <= 00000000
               15415@00003954: $ 1 <= ffffffd4
               15425@00003958: $ 1 <= ff980060
               15435@0000395c: $ 2 <= ff980074
               15455@00003964: $ 1 <= 00000050
               15455@00003968: *0000002c <= ff980074
               15485@00003970: $ 1 <= 00000000
               15495@00003924: $30 <= 00000004
               15525@0000392c: $ 2 <= 0000002c
               15535@00003930: $ 1 <= 00100000
               15545@00003934: $ 4 <= 00000000
               15555@00003938: $ 4 <= 0000000c
               15555@0000393c: *00000000 <= 0000000c
               15575@00003940: $ 3 <= 0000000c
               15595@00003944: $ 4 <= ff980000
               15595@00003948: *00000064 <= ff980000
               15615@0000394c: $ 3 <= 00000000
               15615@00003950: *00000060 <= 00000000
               15635@00003954: $ 1 <= ffffffd4
               15645@00003958: $ 1 <= ff980060
               15655@0000395c: $ 2 <= ff980074
               15675@00003964: $ 1 <= 00000050
               15675@00003968: *0000002c <= ff980074
               15705@00003970: $ 1 <= 00000000
               15715@00003924: $30 <= 00000005
               15745@0000392c: $ 2 <= 0000002c
               15755@00003930: $ 1 <= 00100000
               15765@00003934: $ 4 <= 00000000
               15775@00003938: $ 4 <= 0000000c
               15775@0000393c: *00000000 <= 0000000c
               15795@00003940: $ 3 <= 0000000c
               15815@00003944: $ 4 <= ff980000
               15815@00003948: *00000064 <= ff980000
               15835@0000394c: $ 3 <= 00000000
               15835@00003950: *00000060 <= 00000000
               15855@00003954: $ 1 <= ffffffd4
               15865@00003958: $ 1 <= ff980060
               15875@0000395c: $ 2 <= ff980074
               15895@00003964: $ 1 <= 00000050
               15895@00003968: *0000002c <= ff980074
               15925@00003970: $ 1 <= 00000000
               15935@00003924: $30 <= 00000006
               15965@0000392c: $ 2 <= 0000002c
               15975@00003930: $ 1 <= 00100000
               15985@00003934: $ 4 <= 00000000
               15995@00003938: $ 4 <= 0000000c
               15995@0000393c: *00000000 <= 0000000c
               16015@00003940: $ 3 <= 0000000c
               16035@00003944: $ 4 <= ff980000
               16035@00003948: *00000064 <= ff980000
               16055@0000394c: $ 3 <= 00000000
               16055@00003950: *00000060 <= 00000000
               16075@00003954: $ 1 <= ffffffd4
               16085@00003958: $ 1 <= ff980060
               16095@0000395c: $ 2 <= ff980074
               16115@00003964: $ 1 <= 00000050
               16115@00003968: *0000002c <= ff980074
               16145@00003970: $ 1 <= 00000000
               16155@00003924: $30 <= 00000007
               16185@0000392c: $ 2 <= 0000002c
               16195@00003930: $ 1 <= 00100000
               16205@00003934: $ 4 <= 00000000
               16215@00003938: $ 4 <= 0000000c
               16215@0000393c: *00000000 <= 0000000c
               16235@00003940: $ 3 <= 0000000c
               16255@00003944: $ 4 <= ff980000
               16255@00003948: *00000064 <= ff980000
               16275@0000394c: $ 3 <= 00000000
               16275@00003950: *00000060 <= 00000000
               16295@00003954: $ 1 <= ffffffd4
               16305@00003958: $ 1 <= ff980060
               16315@0000395c: $ 2 <= ff980074
               16335@00003964: $ 1 <= 00000050
               16335@00003968: *0000002c <= ff980074
               16365@00003970: $ 1 <= 00000000
               16375@00003924: $30 <= 00000008
               16405@0000392c: $ 2 <= 0000002c
               16415@00003930: $ 1 <= 00100000
               16425@00003934: $ 4 <= 00000000
               16435@00003938: $ 4 <= 0000000c
               16435@0000393c: *00000000 <= 0000000c
               16455@00003940: $ 3 <= 0000000c
               16475@00003944: $ 4 <= ff980000
               16475@00003948: *00000064 <= ff980000
               16495@0000394c: $ 3 <= 00000000
               16495@00003950: *00000060 <= 00000000
               16515@00003954: $ 1 <= ffffffd4
               16525@00003958: $ 1 <= ff980060
               16535@0000395c: $ 2 <= ff980074
               16555@00003964: $ 1 <= 00000050
               16555@00003968: *0000002c <= ff980074
               16585@00003970: $ 1 <= 00000000
               16595@00003924: $30 <= 00000009
               16625@0000392c: $ 2 <= 0000002c
               16635@00003930: $ 1 <= 00100000
               16645@00003934: $ 4 <= 00000000
               16655@00003938: $ 4 <= 0000000c
               16655@0000393c: *00000000 <= 0000000c
               16675@00003940: $ 3 <= 0000000c
               16695@00003944: $ 4 <= ff980000
               16695@00003948: *00000064 <= ff980000
               16715@0000394c: $ 3 <= 00000000
               16715@00003950: *00000060 <= 00000000
               16735@00003954: $ 1 <= ffffffd4
               16745@00003958: $ 1 <= ff980060
               16755@0000395c: $ 2 <= ff980074
               16775@00003964: $ 1 <= 00000050
               16775@00003968: *0000002c <= ff980074
               16805@00003970: $ 1 <= 00000000
               16815@00003924: $30 <= 0000000a
               16845@0000392c: $ 2 <= 0000002c
               16855@000039d8: $ 4 <= 00000000
               16855@000039dc: *00000064 <= 000031dc
               16875@000039e0: $31 <= 00000000
               16885@000039e4: $31 <= 000031dc
               16915@000039ec: *0000006c <= 0000002c
               16935@000031dc: $ 4 <= 00000000
               16935@000031e0: *0000002c <= 0000002c
               16945@000031e4: *00000060 <= 00000000
               16965@000031e8: $31 <= 000031f0
               16975@000031ec: $ 3 <= 00000000
               16995@000031fc: $ 2 <= 0000002c
               17015@000031f4: $ 4 <= 00000000
               17025@000031fc: $ 2 <= 0000002c
               17035@00003200: $31 <= 00003208
               17045@00003204: $ 3 <= 00000010
               17055@000039f0: $ 4 <= 00003248
               17065@000039f4: $ 3 <= 00000000
               17075@000039f8: $ 3 <= 00000058
               17075@000039fc: *00000024 <= 00000000
               17095@00003a00: $ 1 <= 00000058
               17115@00003a08: $ 3 <= 0000007c
               17125@00003a0c: $ 4 <= 0000007c
               17135@00003a10: $ 1 <= 0000007c
               17155@00003a18: $ 4 <= 00000000
               17165@00003a1c: $ 4 <= 00000088
               17175@00003a20: $ 4 <= 00000000
               17185@00003a24: $ 3 <= 00840000
               17195@00003a28: $ 4 <= ff7c0000
               17195@00003a2c: *0000003c <= 00840000
               17215@00003a34: *00000058 <= 00000000
               17245@00003a3c: $ 2 <= 0000002c
               17265@00003a48: *00000000 <= 00000000
               17295@00003a50: $ 4 <= 00000000
               17305@00003a54: *00000048 <= 00000000
               17335@00003a5c: $ 4 <= 00000038
               17345@00003a64: *0000000c <= 00840000
               17365@00003a90: $ 4 <= 00000000
               17375@00003a94: $ 4 <= 00003208
               17385@00003a98: $31 <= 00006410
               17395@00003a9c: $31 <= 00003208
               17425@00003aa4: $ 2 <= 0000002c
               17445@0000320c: $ 4 <= ffffce74
               17455@00003210: $ 4 <= 00010000
               17465@00003214: $ 1 <= ffff0000
               17475@00003218: $ 1 <= 00000000
               17485@0000321c: $ 3 <= 00000000
               17495@00003220: $31 <= 00003228
               17505@00003224: $ 2 <= 00000000
               17545@0000322c: $ 2 <= 00003228
               17565@00003238: $31 <= 00003240
               17585@00003aa8: $ 1 <= 00003240
               17595@00003aac: $30 <= 00000000
               17605@00003ab0: $12 <= 00000000
               17615@00003ab4: $12 <= 0000000a
               17625@00003ab8: $23 <= 00000000
               17635@00003abc: $23 <= 00000001
               17645@00003ac0: $30 <= 00000001
               17675@00003ac8: $ 1 <= 0000327c
               17695@00003ad0: $ 1 <= 000030f4
               17695@00003ad4: *00000094 <= 00010000
               17715@00003ad8: $ 1 <= 00003228
               17725@00003adc: $ 4 <= 00000000
               17735@00003ae0: $ 4 <= 000032a8
               17745@00003ae4: $ 4 <= 00000000
               17755@00003ae8: $ 4 <= 00000000
               17755@00003aec: *00000060 <= 00003228
               17775@00003af0: $ 1 <= 003c0000
               17775@00003af4: *00000030 <= 00003228
               17795@00003af8: $ 4 <= 00000000
               17805@00003afc: $ 4 <= 00000030
               17805@00003b00: *00000000 <= 00000030
               17825@00003b04: $ 4 <= 00000034
               17835@00003b08: $ 3 <= 00000030
               17845@00003b0c: *00000064 <= 00000034
               17865@00003b14: *0000003c <= 00000000
               17895@00003b1c: $ 4 <= 00000000
               17905@00003b20: $ 2 <= 00000000
               17915@00003b24: $ 2 <= 00000000
               17925@00003b28: $ 2 <= 00240000
               17935@00003b2c: $ 1 <= 00240000
               17945@00003b30: $ 1 <= ffdc0000
               17955@00003b34: $ 1 <= 0024005c
               17965@00003b38: $ 4 <= 00000000
               17965@00003b3c: *0000003c <= 00240000
               17985@00003b40: $ 4 <= 00240030
               17995@00003b44: $ 1 <= 00000000
               17995@00003b48: *0000002c <= 00000030
               18025@00003b50: $ 1 <= 0023ffd0
               18035@00003b54: $ 2 <= ffffffa0
               18045@00003b58: $ 2 <= 00000000
               18055@00003b5c: $ 3 <= 00003240
               18065@00003b60: $31 <= 00006480
               18075@00003b64: $31 <= 00003240
               18105@00003b6c: $ 4 <= 0000007c
               18115@00003240: $ 4 <= ffffce3c
               18125@00003244: $ 1 <= ffffce3c
               18135@00003248: $31 <= 00003250
               18145@0000324c: $ 2 <= 00003250
               18155@0000325c: *00000088 <= 00000000
               18185@0000325c: *00000088 <= 00000000
               18205@00003260: $31 <= 00003268
               18215@00003264: $ 4 <= 00980000
               18235@00003b74: $ 1 <= 00000000
               18245@00003b78: $ 1 <= 0000000c
               18245@00003b7c: *00000000 <= 0000000c
               18265@00003b80: $ 2 <= 0000000c
               18285@00003b84: $ 1 <= 00000000
               18285@00003b88: *00000040 <= 00000000
               18305@00003b90: *00000064 <= 00980000
               18335@00003b98: $ 1 <= 00000000
               18345@00003b9c: $ 1 <= 00000054
               18355@00003ba0: $ 3 <= 00000000
               18365@00003ba4: $ 2 <= 00000000
               18365@00003ba8: *00000094 <= 00000000
               18385@00003bac: $ 4 <= 00000000
               18395@00003bb0: $ 1 <= 00000000
               18405@00003bb4: $ 3 <= 00480000
               18425@00003bc0: *00000000 <= 00000000
               18445@00003bc4: $ 3 <= 00000000
               18465@00003bcc: *00000028 <= 00000000
               18495@00003bd4: $ 1 <= 00000000
               18505@00003c40: $ 4 <= 00000000
               18515@00003c44: $ 2 <= 00003268
               18525@00003c48: $31 <= 00000000
               18535@00003c4c: $31 <= 00003268
               18565@00003c54: $ 3 <= 0000326c
               18575@00003268: $ 4 <= 00000094
               18575@0000326c: *00000020 <= 00003268
               18595@00003270: $31 <= 00003278
               18595@00003274: *00000278 <= 00003268
               18625@00003284: $ 1 <= 00000000
               18645@0000327c: $ 1 <= 000064e0
               18655@00003284: $ 1 <= 00000000
               18655@00003288: *0000006c <= 00000000
               18675@0000328c: $31 <= 00003294
               18685@00003290: $ 1 <= ffffcd94
               18705@00003c5c: $11 <= 00000000
               18715@00003c60: $12 <= 00000000
               18725@00003c64: $12 <= 0000000a
               18735@00003c68: $23 <= 00000000
               18745@00003c6c: $23 <= 00000001
               18755@00003c70: $11 <= 00000001
               18775@00003c78: *00000098 <= 0000326c
               18805@00003c80: $ 4 <= 00080000
               18815@00003c84: $ 4 <= 0008326c
               18825@00003c88: $ 4 <= 00010000
               18835@00003c8c: $ 1 <= ffff0000
               18845@00003c90: $ 1 <= 00000000
               18855@00003c94: $ 3 <= 00000000
               18865@00003c98: $ 2 <= 00000000
               18875@00003c9c: $ 1 <= 00000000
               18885@00003ca0: $ 4 <= 00000000
               18895@00003ca4: $ 4 <= 00000001
               18905@00003ca8: $ 4 <= 00000000
               18915@00003cac: $ 3 <= 00000000
               18945@00003cb8: $ 2 <= 00000058
               18955@00003c70: $11 <= 00000002
               18975@00003c78: *00000098 <= 00000000
               19005@00003c80: $ 4 <= 00080000
               19015@00003c84: $ 4 <= 00080000
               19025@00003c88: $ 4 <= 00010000
               19035@00003c8c: $ 1 <= ffff0000
               19045@00003c90: $ 1 <= 00000000
               19055@00003c94: $ 3 <= 00000000
               19065@00003c98: $ 2 <= 00000000
               19075@00003c9c: $ 1 <= 00000000
               19085@00003ca0: $ 4 <= 00000000
               19095@00003ca4: $ 4 <= 00000001
               19105@00003ca8: $ 4 <= 00000000
               19115@00003cac: $ 3 <= 00000000
               19145@00003cb8: $ 2 <= 00000058
               19155@00003c70: $11 <= 00000003
               19175@00003c78: *00000098 <= 00000000
               19205@00003c80: $ 4 <= 00080000
               19215@00003c84: $ 4 <= 00080000
               19225@00003c88: $ 4 <= 00010000
               19235@00003c8c: $ 1 <= ffff0000
               19245@00003c90: $ 1 <= 00000000
               19255@00003c94: $ 3 <= 00000000
               19265@00003c98: $ 2 <= 00000000
               19275@00003c9c: $ 1 <= 00000000
               19285@00003ca0: $ 4 <= 00000000
               19295@00003ca4: $ 4 <= 00000001
               19305@00003ca8: $ 4 <= 00000000
               19315@00003cac: $ 3 <= 00000000
               19345@00003cb8: $ 2 <= 00000058
               19355@00003c70: $11 <= 00000004
               19375@00003c78: *00000098 <= 00000000
               19405@00003c80: $ 4 <= 00080000
               19415@00003c84: $ 4 <= 00080000
               19425@00003c88: $ 4 <= 00010000
               19435@00003c8c: $ 1 <= ffff0000
               19445@00003c90: $ 1 <= 00000000
               19455@00003c94: $ 3 <= 00000000
               19465@00003c98: $ 2 <= 00000000
               19475@00003c9c: $ 1 <= 00000000
               19485@00003ca0: $ 4 <= 00000000
               19495@00003ca4: $ 4 <= 00000001
               19505@00003ca8: $ 4 <= 00000000
               19515@00003cac: $ 3 <= 00000000
               19545@00003cb8: $ 2 <= 00000058
               19555@00003c70: $11 <= 00000005
               19575@00003c78: *00000098 <= 00000000
               19605@00003c80: $ 4 <= 00080000
               19615@00003c84: $ 4 <= 00080000
               19625@00003c88: $ 4 <= 00010000
               19635@00003c8c: $ 1 <= ffff0000
               19645@00003c90: $ 1 <= 00000000
               19655@00003c94: $ 3 <= 00000000
               19665@00003c98: $ 2 <= 00000000
               19675@00003c9c: $ 1 <= 00000000
               19685@00003ca0: $ 4 <= 00000000
               19695@00003ca4: $ 4 <= 00000001
               19705@00003ca8: $ 4 <= 00000000
               19715@00003cac: $ 3 <= 00000000
               19745@00003cb8: $ 2 <= 00000058
               19755@00003c70: $11 <= 00000006
               19775@00003c78: *00000098 <= 00000000
               19805@00003c80: $ 4 <= 00080000
               19815@00003c84: $ 4 <= 00080000
               19825@00003c88: $ 4 <= 00010000
               19835@00003c8c: $ 1 <= ffff0000
               19845@00003c90: $ 1 <= 00000000
               19855@00003c94: $ 3 <= 00000000
               19865@00003c98: $ 2 <= 00000000
               19875@00003c9c: $ 1 <= 00000000
               19885@00003ca0: $ 4 <= 00000000
               19895@00003ca4: $ 4 <= 00000001
               19905@00003ca8: $ 4 <= 00000000
               19915@00003cac: $ 3 <= 00000000
               19945@00003cb8: $ 2 <= 00000058
               19955@00003c70: $11 <= 00000007
               19975@00003c78: *00000098 <= 00000000
               20005@00003c80: $ 4 <= 00080000
               20015@00003c84: $ 4 <= 00080000
               20025@00003c88: $ 4 <= 00010000
               20035@00003c8c: $ 1 <= ffff0000
               20045@00003c90: $ 1 <= 00000000
               20055@00003c94: $ 3 <= 00000000
               20065@00003c98: $ 2 <= 00000000
               20075@00003c9c: $ 1 <= 00000000
               20085@00003ca0: $ 4 <= 00000000
               20095@00003ca4: $ 4 <= 00000001
               20105@00003ca8: $ 4 <= 00000000
               20115@00003cac: $ 3 <= 00000000
               20145@00003cb8: $ 2 <= 00000058
               20155@00003c70: $11 <= 00000008
               20175@00003c78: *00000098 <= 00000000
               20205@00003c80: $ 4 <= 00080000
               20215@00003c84: $ 4 <= 00080000
               20225@00003c88: $ 4 <= 00010000
               20235@00003c8c: $ 1 <= ffff0000
               20245@00003c90: $ 1 <= 00000000
               20255@00003c94: $ 3 <= 00000000
               20265@00003c98: $ 2 <= 00000000
               20275@00003c9c: $ 1 <= 00000000
               20285@00003ca0: $ 4 <= 00000000
               20295@00003ca4: $ 4 <= 00000001
               20305@00003ca8: $ 4 <= 00000000
               20315@00003cac: $ 3 <= 00000000
               20345@00003cb8: $ 2 <= 00000058
               20355@00003c70: $11 <= 00000009
               20375@00003c78: *00000098 <= 00000000
               20405@00003c80: $ 4 <= 00080000
               20415@00003c84: $ 4 <= 00080000
               20425@00003c88: $ 4 <= 00010000
               20435@00003c8c: $ 1 <= ffff0000
               20445@00003c90: $ 1 <= 00000000
               20455@00003c94: $ 3 <= 00000000
               20465@00003c98: $ 2 <= 00000000
               20475@00003c9c: $ 1 <= 00000000
               20485@00003ca0: $ 4 <= 00000000
               20495@00003ca4: $ 4 <= 00000001
               20505@00003ca8: $ 4 <= 00000000
               20515@00003cac: $ 3 <= 00000000
               20545@00003cb8: $ 2 <= 00000058
               20555@00003c70: $11 <= 0000000a
               20575@00003c78: *00000098 <= 00000000
               20595@00003d18: $ 2 <= 00000000
               20595@00003d1c: *0000001c <= 00003294
               20615@00003d20: $31 <= 00000000
               20625@00003d24: $31 <= 00003294
               20635@00003d28: $ 1 <= 00540000
               20655@00003d30: *0000000c <= 00540000
               20675@00003294: $ 2 <= 00000000
               20675@00003298: *00000000 <= 00000000
               20695@0000329c: $ 4 <= 00000000
               20695@000032a0: *0000008c <= 00000000
               20715@000032a4: $31 <= 000032ac
               20725@000032a8: $ 4 <= 00000000
               20745@000032b8: $ 4 <= 00003228
               20765@000032b0: $ 3 <= 000032bc
               20775@000032b8: $ 4 <= 00003228
               20785@000032bc: $31 <= 000032c4
               20795@000032c0: $ 3 <= 00000090
               20815@00003d38: $15 <= 00000000
               20825@00003d3c: $27 <= 00000000
               20835@00003d40: $27 <= 0000000a
               20845@00003d44: $25 <= 00000000
               20855@00003d48: $25 <= 00000001
               20865@00003d4c: $15 <= 00000001
               20885@00003d54: *00000054 <= 00000000
               20905@00003d58: $ 1 <= ffac0090
               20915@00003d5c: $ 2 <= 00000094
               20925@00003d60: $ 2 <= 00000090
               20925@00003d64: *00000060 <= 00000090
               20945@00003d68: $ 3 <= 00000000
               20955@00003d6c: $ 3 <= 00000040
               20955@00003d70: *00000020 <= ffac0090
               20975@00003d74: $ 3 <= 00900000
               20985@00003d78: $ 2 <= 00000000
               20985@00003d7c: *0000009c <= 00900000
               21005@00003d80: $ 1 <= 00903228
               21015@00003d84: $ 4 <= 00000000
               21025@00003d88: $ 4 <= 0000008c
               21035@00003d8c: $ 1 <= 00000000
               21045@00003d90: $ 3 <= 00000001
               21055@00003d94: $ 3 <= 00000000
               21065@00003d98: $ 3 <= 00000030
               21095@00003da4: $ 4 <= 00380000
               21115@00003dac: $ 4 <= 00380000
               21125@00003db0: $ 2 <= 00000000
               21125@00003db4: *0000003c <= 00000000
               21135@00003db8: *00000024 <= 00380000
               21155@00003dbc: $ 2 <= 00080000
               21205@00003dd0: $ 4 <= 00000000
               21215@00003d4c: $15 <= 00000002
               21235@00003d54: *00000054 <= 00080000
               21255@00003d58: $ 1 <= 00000030
               21265@00003d5c: $ 2 <= 00000034
               21275@00003d60: $ 2 <= 00000030
               21275@00003d64: *00000060 <= 00000030
               21295@00003d68: $ 3 <= 00000000
               21305@00003d6c: $ 3 <= 00000040
               21305@00003d70: *00000020 <= 00000030
               21325@00003d74: $ 3 <= 00900000
               21335@00003d78: $ 2 <= 00000000
               21335@00003d7c: *0000009c <= 00900000
               21355@00003d80: $ 1 <= 00900000
               21365@00003d84: $ 4 <= 00000000
               21375@00003d88: $ 4 <= 0000008c
               21385@00003d8c: $ 1 <= 00000000
               21395@00003d90: $ 3 <= 00000001
               21405@00003d94: $ 3 <= 00000000
               21415@00003d98: $ 3 <= 00000030
               21445@00003da4: $ 4 <= 00380000
               21465@00003dac: $ 4 <= 00380000
               21475@00003db0: $ 2 <= 00000000
               21475@00003db4: *0000003c <= 00000000
               21485@00003db8: *00000024 <= 00380000
               21505@00003dbc: $ 2 <= 00080000
               21555@00003dd0: $ 4 <= 00000000
               21565@00003d4c: $15 <= 00000003
               21585@00003d54: *00000054 <= 00080000
               21605@00003d58: $ 1 <= 00000030
               21615@00003d5c: $ 2 <= 00000034
               21625@00003d60: $ 2 <= 00000030
               21625@00003d64: *00000060 <= 00000030
               21645@00003d68: $ 3 <= 00000000
               21655@00003d6c: $ 3 <= 00000040
               21655@00003d70: *00000020 <= 00000030
               21675@00003d74: $ 3 <= 00900000
               21685@00003d78: $ 2 <= 00000000
               21685@00003d7c: *0000009c <= 00900000
               21705@00003d80: $ 1 <= 00900000
               21715@00003d84: $ 4 <= 00000000
               21725@00003d88: $ 4 <= 0000008c
               21735@00003d8c: $ 1 <= 00000000
               21745@00003d90: $ 3 <= 00000001
               21755@00003d94: $ 3 <= 00000000
               21765@00003d98: $ 3 <= 00000030
               21795@00003da4: $ 4 <= 00380000
               21815@00003dac: $ 4 <= 00380000
               21825@00003db0: $ 2 <= 00000000
               21825@00003db4: *0000003c <= 00000000
               21835@00003db8: *00000024 <= 00380000
               21855@00003dbc: $ 2 <= 00080000
               21905@00003dd0: $ 4 <= 00000000
               21915@00003d4c: $15 <= 00000004
               21935@00003d54: *00000054 <= 00080000
               21955@00003d58: $ 1 <= 00000030
               21965@00003d5c: $ 2 <= 00000034
               21975@00003d60: $ 2 <= 00000030
               21975@00003d64: *00000060 <= 00000030
               21995@00003d68: $ 3 <= 00000000
               22005@00003d6c: $ 3 <= 00000040
               22005@00003d70: *00000020 <= 00000030
               22025@00003d74: $ 3 <= 00900000
               22035@00003d78: $ 2 <= 00000000
               22035@00003d7c: *0000009c <= 00900000
               22055@00003d80: $ 1 <= 00900000
               22065@00003d84: $ 4 <= 00000000
               22075@00003d88: $ 4 <= 0000008c
               22085@00003d8c: $ 1 <= 00000000
               22095@00003d90: $ 3 <= 00000001
               22105@00003d94: $ 3 <= 00000000
               22115@00003d98: $ 3 <= 00000030
               22145@00003da4: $ 4 <= 00380000
               22165@00003dac: $ 4 <= 00380000
               22175@00003db0: $ 2 <= 00000000
               22175@00003db4: *0000003c <= 00000000
               22185@00003db8: *00000024 <= 00380000
               22205@00003dbc: $ 2 <= 00080000
               22255@00003dd0: $ 4 <= 00000000
               22265@00003d4c: $15 <= 00000005
               22285@00003d54: *00000054 <= 00080000
               22305@00003d58: $ 1 <= 00000030
               22315@00003d5c: $ 2 <= 00000034
               22325@00003d60: $ 2 <= 00000030
               22325@00003d64: *00000060 <= 00000030
               22345@00003d68: $ 3 <= 00000000
               22355@00003d6c: $ 3 <= 00000040
               22355@00003d70: *00000020 <= 00000030
               22375@00003d74: $ 3 <= 00900000
               22385@00003d78: $ 2 <= 00000000
               22385@00003d7c: *0000009c <= 00900000
               22405@00003d80: $ 1 <= 00900000
               22415@00003d84: $ 4 <= 00000000
               22425@00003d88: $ 4 <= 0000008c
               22435@00003d8c: $ 1 <= 00000000
               22445@00003d90: $ 3 <= 00000001
               22455@00003d94: $ 3 <= 00000000
               22465@00003d98: $ 3 <= 00000030
               22495@00003da4: $ 4 <= 00380000
               22515@00003dac: $ 4 <= 00380000
               22525@00003db0: $ 2 <= 00000000
               22525@00003db4: *0000003c <= 00000000
               22535@00003db8: *00000024 <= 00380000
               22555@00003dbc: $ 2 <= 00080000
               22605@00003dd0: $ 4 <= 00000000
               22615@00003d4c: $15 <= 00000006
               22635@00003d54: *00000054 <= 00080000
               22655@00003d58: $ 1 <= 00000030
               22665@00003d5c: $ 2 <= 00000034
               22675@00003d60: $ 2 <= 00000030
               22675@00003d64: *00000060 <= 00000030
               22695@00003d68: $ 3 <= 00000000
               22705@00003d6c: $ 3 <= 00000040
               22705@00003d70: *00000020 <= 00000030
               22725@00003d74: $ 3 <= 00900000
               22735@00003d78: $ 2 <= 00000000
               22735@00003d7c: *0000009c <= 00900000
               22755@00003d80: $ 1 <= 00900000
               22765@00003d84: $ 4 <= 00000000
               22775@00003d88: $ 4 <= 0000008c
               22785@00003d8c: $ 1 <= 00000000
               22795@00003d90: $ 3 <= 00000001
               22805@00003d94: $ 3 <= 00000000
               22815@00003d98: $ 3 <= 00000030
               22845@00003da4: $ 4 <= 00380000
               22865@00003dac: $ 4 <= 00380000
               22875@00003db0: $ 2 <= 00000000
               22875@00003db4: *0000003c <= 00000000
               22885@00003db8: *00000024 <= 00380000
               22905@00003dbc: $ 2 <= 00080000
               22955@00003dd0: $ 4 <= 00000000
               22965@00003d4c: $15 <= 00000007
               22985@00003d54: *00000054 <= 00080000
               23005@00003d58: $ 1 <= 00000030
               23015@00003d5c: $ 2 <= 00000034
               23025@00003d60: $ 2 <= 00000030
               23025@00003d64: *00000060 <= 00000030
               23045@00003d68: $ 3 <= 00000000
               23055@00003d6c: $ 3 <= 00000040
               23055@00003d70: *00000020 <= 00000030
               23075@00003d74: $ 3 <= 00900000
               23085@00003d78: $ 2 <= 00000000
               23085@00003d7c: *0000009c <= 00900000
               23105@00003d80: $ 1 <= 00900000
               23115@00003d84: $ 4 <= 00000000
               23125@00003d88: $ 4 <= 0000008c
               23135@00003d8c: $ 1 <= 00000000
               23145@00003d90: $ 3 <= 00000001
               23155@00003d94: $ 3 <= 00000000
               23165@00003d98: $ 3 <= 00000030
               23195@00003da4: $ 4 <= 00380000
               23215@00003dac: $ 4 <= 00380000
               23225@00003db0: $ 2 <= 00000000
               23225@00003db4: *0000003c <= 00000000
               23235@00003db8: *00000024 <= 00380000
               23255@00003dbc: $ 2 <= 00080000
               23305@00003dd0: $ 4 <= 00000000
               23315@00003d4c: $15 <= 00000008
               23335@00003d54: *00000054 <= 00080000
               23355@00003d58: $ 1 <= 00000030
               23365@00003d5c: $ 2 <= 00000034
               23375@00003d60: $ 2 <= 00000030
               23375@00003d64: *00000060 <= 00000030
               23395@00003d68: $ 3 <= 00000000
               23405@00003d6c: $ 3 <= 00000040
               23405@00003d70: *00000020 <= 00000030
               23425@00003d74: $ 3 <= 00900000
               23435@00003d78: $ 2 <= 00000000
               23435@00003d7c: *0000009c <= 00900000
               23455@00003d80: $ 1 <= 00900000
               23465@00003d84: $ 4 <= 00000000
               23475@00003d88: $ 4 <= 0000008c
               23485@00003d8c: $ 1 <= 00000000
               23495@00003d90: $ 3 <= 00000001
               23505@00003d94: $ 3 <= 00000000
               23515@00003d98: $ 3 <= 00000030
               23545@00003da4: $ 4 <= 00380000
               23565@00003dac: $ 4 <= 00380000
               23575@00003db0: $ 2 <= 00000000
               23575@00003db4: *0000003c <= 00000000
               23585@00003db8: *00000024 <= 00380000
               23605@00003dbc: $ 2 <= 00080000
               23655@00003dd0: $ 4 <= 00000000
               23665@00003d4c: $15 <= 00000009
               23685@00003d54: *00000054 <= 00080000
               23705@00003d58: $ 1 <= 00000030
               23715@00003d5c: $ 2 <= 00000034
               23725@00003d60: $ 2 <= 00000030
               23725@00003d64: *00000060 <= 00000030
               23745@00003d68: $ 3 <= 00000000
               23755@00003d6c: $ 3 <= 00000040
               23755@00003d70: *00000020 <= 00000030
               23775@00003d74: $ 3 <= 00900000
               23785@00003d78: $ 2 <= 00000000
               23785@00003d7c: *0000009c <= 00900000
               23805@00003d80: $ 1 <= 00900000
               23815@00003d84: $ 4 <= 00000000
               23825@00003d88: $ 4 <= 0000008c
               23835@00003d8c: $ 1 <= 00000000
               23845@00003d90: $ 3 <= 00000001
               23855@00003d94: $ 3 <= 00000000
               23865@00003d98: $ 3 <= 00000030
               23895@00003da4: $ 4 <= 00380000
               23915@00003dac: $ 4 <= 00380000
               23925@00003db0: $ 2 <= 00000000
               23925@00003db4: *0000003c <= 00000000
               23935@00003db8: *00000024 <= 00380000
               23955@00003dbc: $ 2 <= 00080000
               24005@00003dd0: $ 4 <= 00000000
               24015@00003d4c: $15 <= 0000000a
               24035@00003d54: *00000054 <= 00080000
               24055@00003ddc: $ 2 <= 00000000
               24065@00003de0: $ 3 <= 000032c4
               24075@00003de4: $31 <= 00000000
               24085@00003de8: $31 <= 000032c4
               24115@00003df0: $ 1 <= 000c0000
               24115@000032c4: *00000064 <= 00000000
               24145@000032cc: $31 <= 000032d4
               24155@000032d0: $ 1 <= 00000000
               24175@000032e0: $ 4 <= 00000060
               24185@000032d8: *000002d4 <= 00000000
               24205@000032e0: $ 4 <= 00000060
               24215@000032e4: $31 <= 000032ec
               24235@00003df4: $ 4 <= 000032fc
               24245@00003df8: $17 <= 00000000
               24255@00003dfc: $16 <= 00000000
               24265@00003e00: $16 <= 0000000a
               24275@00003e04: $20 <= 00000000
               24285@00003e08: $20 <= 00000001
               24295@00003e0c: $17 <= 00000001
               24315@00003e14: *00000050 <= 000032c4
               24335@00003e18: $ 2 <= 00000000
               24345@00003e1c: $ 2 <= 00000058
               24345@00003e20: *00000000 <= 00000058
               24365@00003e24: $ 2 <= 00000078
               24375@00003e28: $ 4 <= 00000058
               24385@00003e2c: *000000d8 <= 00000078
               24405@00003e30: $ 2 <= 00280000
               24415@00003e34: $ 4 <= 00280001
               24425@00003e38: $ 4 <= 00000000
               24435@00003e3c: $ 3 <= 000030f4
               24455@00003e44: $ 4 <= 00280000
               24465@00003e48: $ 1 <= 00000000
               24475@00003e4c: $ 1 <= 00000044
               24475@00003e50: *00000034 <= 00000044
               24495@00003e54: $ 4 <= 00000000
               24515@00003e5c: $ 2 <= 00700000
               24525@00003e0c: $17 <= 00000002
               24545@00003e14: *00000050 <= 000030f4
               24565@00003e18: $ 2 <= 00000000
               24575@00003e1c: $ 2 <= 00000058
               24575@00003e20: *00000000 <= 00000058
               24595@00003e24: $ 2 <= 00000078
               24605@00003e28: $ 4 <= 00000058
               24615@00003e2c: *000000d8 <= 00000078
               24635@00003e30: $ 2 <= 00280000
               24645@00003e34: $ 4 <= 00280001
               24655@00003e38: $ 4 <= 00000000
               24665@00003e3c: $ 3 <= 000030f4
               24685@00003e44: $ 4 <= 00280044
               24695@00003e48: $ 1 <= 00000000
               24705@00003e4c: $ 1 <= 00000044
               24705@00003e50: *00000034 <= 00000044
               24725@00003e54: $ 4 <= 00000000
               24745@00003e5c: $ 2 <= 00700000
               24755@00003e0c: $17 <= 00000003
               24775@00003e14: *00000050 <= 000030f4
               24795@00003e18: $ 2 <= 00000000
               24805@00003e1c: $ 2 <= 00000058
               24805@00003e20: *00000000 <= 00000058
               24825@00003e24: $ 2 <= 00000078
               24835@00003e28: $ 4 <= 00000058
               24845@00003e2c: *000000d8 <= 00000078
               24865@00003e30: $ 2 <= 00280000
               24875@00003e34: $ 4 <= 00280001
               24885@00003e38: $ 4 <= 00000000
               24895@00003e3c: $ 3 <= 000030f4
               24915@00003e44: $ 4 <= 00280044
               24925@00003e48: $ 1 <= 00000000
               24935@00003e4c: $ 1 <= 00000044
               24935@00003e50: *00000034 <= 00000044
               24955@00003e54: $ 4 <= 00000000
               24975@00003e5c: $ 2 <= 00700000
               24985@00003e0c: $17 <= 00000004
               25005@00003e14: *00000050 <= 000030f4
               25025@00003e18: $ 2 <= 00000000
               25035@00003e1c: $ 2 <= 00000058
               25035@00003e20: *00000000 <= 00000058
               25055@00003e24: $ 2 <= 00000078
               25065@00003e28: $ 4 <= 00000058
               25075@00003e2c: *000000d8 <= 00000078
               25095@00003e30: $ 2 <= 00280000
               25105@00003e34: $ 4 <= 00280001
               25115@00003e38: $ 4 <= 00000000
               25125@00003e3c: $ 3 <= 000030f4
               25145@00003e44: $ 4 <= 00280044
               25155@00003e48: $ 1 <= 00000000
               25165@00003e4c: $ 1 <= 00000044
               25165@00003e50: *00000034 <= 00000044
               25185@00003e54: $ 4 <= 00000000
               25205@00003e5c: $ 2 <= 00700000
               25215@00003e0c: $17 <= 00000005
               25235@00003e14: *00000050 <= 000030f4
               25255@00003e18: $ 2 <= 00000000
               25265@00003e1c: $ 2 <= 00000058
               25265@00003e20: *00000000 <= 00000058
               25285@00003e24: $ 2 <= 00000078
               25295@00003e28: $ 4 <= 00000058
               25305@00003e2c: *000000d8 <= 00000078
               25325@00003e30: $ 2 <= 00280000
               25335@00003e34: $ 4 <= 00280001
               25345@00003e38: $ 4 <= 00000000
               25355@00003e3c: $ 3 <= 000030f4
               25375@00003e44: $ 4 <= 00280044
               25385@00003e48: $ 1 <= 00000000
               25395@00003e4c: $ 1 <= 00000044
               25395@00003e50: *00000034 <= 00000044
               25415@00003e54: $ 4 <= 00000000
               25435@00003e5c: $ 2 <= 00700000
               25445@00003e0c: $17 <= 00000006
               25465@00003e14: *00000050 <= 000030f4
               25485@00003e18: $ 2 <= 00000000
               25495@00003e1c: $ 2 <= 00000058
               25495@00003e20: *00000000 <= 00000058
               25515@00003e24: $ 2 <= 00000078
               25525@00003e28: $ 4 <= 00000058
               25535@00003e2c: *000000d8 <= 00000078
               25555@00003e30: $ 2 <= 00280000
               25565@00003e34: $ 4 <= 00280001
               25575@00003e38: $ 4 <= 00000000
               25585@00003e3c: $ 3 <= 000030f4
               25605@00003e44: $ 4 <= 00280044
               25615@00003e48: $ 1 <= 00000000
               25625@00003e4c: $ 1 <= 00000044
               25625@00003e50: *00000034 <= 00000044
               25645@00003e54: $ 4 <= 00000000
               25665@00003e5c: $ 2 <= 00700000
               25675@00003e0c: $17 <= 00000007
               25695@00003e14: *00000050 <= 000030f4
               25715@00003e18: $ 2 <= 00000000
               25725@00003e1c: $ 2 <= 00000058
               25725@00003e20: *00000000 <= 00000058
               25745@00003e24: $ 2 <= 00000078
               25755@00003e28: $ 4 <= 00000058
               25765@00003e2c: *000000d8 <= 00000078
               25785@00003e30: $ 2 <= 00280000
               25795@00003e34: $ 4 <= 00280001
               25805@00003e38: $ 4 <= 00000000
               25815@00003e3c: $ 3 <= 000030f4
               25835@00003e44: $ 4 <= 00280044
               25845@00003e48: $ 1 <= 00000000
               25855@00003e4c: $ 1 <= 00000044
               25855@00003e50: *00000034 <= 00000044
               25875@00003e54: $ 4 <= 00000000
               25895@00003e5c: $ 2 <= 00700000
               25905@00003e0c: $17 <= 00000008
               25925@00003e14: *00000050 <= 000030f4
               25945@00003e18: $ 2 <= 00000000
               25955@00003e1c: $ 2 <= 00000058
               25955@00003e20: *00000000 <= 00000058
               25975@00003e24: $ 2 <= 00000078
               25985@00003e28: $ 4 <= 00000058
               25995@00003e2c: *000000d8 <= 00000078
               26015@00003e30: $ 2 <= 00280000
               26025@00003e34: $ 4 <= 00280001
               26035@00003e38: $ 4 <= 00000000
               26045@00003e3c: $ 3 <= 000030f4
               26065@00003e44: $ 4 <= 00280044
               26075@00003e48: $ 1 <= 00000000
               26085@00003e4c: $ 1 <= 00000044
               26085@00003e50: *00000034 <= 00000044
               26105@00003e54: $ 4 <= 00000000
               26125@00003e5c: $ 2 <= 00700000
               26135@00003e0c: $17 <= 00000009
               26155@00003e14: *00000050 <= 000030f4
               26175@00003e18: $ 2 <= 00000000
               26185@00003e1c: $ 2 <= 00000058
               26185@00003e20: *00000000 <= 00000058
               26205@00003e24: $ 2 <= 00000078
               26215@00003e28: $ 4 <= 00000058
               26225@00003e2c: *000000d8 <= 00000078
               26245@00003e30: $ 2 <= 00280000
               26255@00003e34: $ 4 <= 00280001
               26265@00003e38: $ 4 <= 00000000
               26275@00003e3c: $ 3 <= 000030f4
               26295@00003e44: $ 4 <= 00280044
               26305@00003e48: $ 1 <= 00000000
               26315@00003e4c: $ 1 <= 00000044
               26315@00003e50: *00000034 <= 00000044
               26335@00003e54: $ 4 <= 00000000
               26355@00003e5c: $ 2 <= 00700000
               26365@00003e0c: $17 <= 0000000a
               26385@00003e14: *00000050 <= 000030f4
               26405@00003ee0: $ 4 <= 00000000
               26415@00003ee4: $ 2 <= 000032ec
               26425@00003ee8: $31 <= 00000000
               26435@00003eec: $31 <= 000032ec
               26465@00003ef4: $ 4 <= 00000000
               26475@000032ec: $ 3 <= 00000000
               26485@000032f0: $ 4 <= 00000000
               26495@000032f4: $31 <= 000032fc
               26505@000032f8: $ 2 <= 00000000
               26525@00003308: $ 1 <= 00003228
               26535@00003300: *000002fc <= 00000000
               26555@00003308: $ 1 <= 00003228
               26565@0000330c: $31 <= 00003314
               26575@00003310: $ 2 <= 00000000
               26585@00003ef8: $ 4 <= 00003314
               26595@00003efc: $ 3 <= ffffcdd8
               26605@00003f04: *0000004c <= 00000000
               26625@00003f08: $ 3 <= 00000000
               26635@00003f0c: $ 3 <= 00000074
               26635@00003f10: *00000064 <= 00000000
               26655@00003f14: $ 3 <= 00003228
               26665@00003f18: $ 4 <= 00100000
               26675@00003f1c: $ 2 <= 00440000
               26685@00003f20: $ 3 <= 00003229
               26695@00003f24: $ 3 <= 00000000
               26705@00003f28: $ 2 <= 00000000
               26725@00003f30: $ 1 <= 00000000
               26725@00003f34: *0000002c <= 00000000
               26745@00003f38: $ 4 <= 00300000
               26745@00003f3c: *00000050 <= 00000000
               26765@00003f40: $ 4 <= 0000006c
               26785@00003f48: $ 2 <= 00000000
               26795@00003f4c: $ 3 <= 00000000
               26805@00003f50: $ 3 <= 0000000c
               26805@00003f54: *00000000 <= 0000000c
               26825@00003f58: $ 1 <= 0000000c
               26845@00003f5c: $ 3 <= 00000000
               26845@00003f60: *0000008c <= 00000000
               26865@00003f64: $ 2 <= 0000006c
               26875@00003f68: $ 4 <= 00000000
               26885@00003f6c: $ 4 <= 0000000c
               26885@00003f70: *00000000 <= 0000000c
               26915@00003f78: $ 4 <= 000030f4
               26915@00003f7c: *00000058 <= 000030f4
               26935@00003f80: $ 2 <= 0000006c
               26945@00003f88: *00000084 <= 0000000c
               26965@00003f8c: $ 3 <= 0000006c
               26975@00003f90: $ 4 <= 0000006c
               26985@00003f94: $ 1 <= 00000000
               26995@00003f98: $ 1 <= 00600000
               27005@00003f9c: $ 3 <= 00600090
               27015@00003fa0: $ 2 <= 00000000
               27025@00003fa4: $ 3 <= 00000000
               27035@00003fa8: $ 4 <= 00003314
               27045@00003fac: $31 <= 00000000
               27055@00003fb0: $31 <= 00003314
               27085@00003fb8: $ 1 <= 00603314
               27095@00003314: $31 <= 0000331c
               27105@00003318: $ 3 <= 00606628
