ISim log file
Running: D:\BUAA\practice\ise\P7-cpu\mips_txt_isim_beh.exe -intstyle ise -gui -tclbatch isim.cmd -wdb D:/BUAA/practice/ise/P7-cpu/mips_txt_isim_beh.wdb 
ISim P.20131013 (signature 0x7708f090)
----------------------------------------------------------------------
WARNING:Security:42 - Your software subscription period has lapsed. Your current version of Xilinx tools will continue to function, but you no longer qualify for Xilinx software updates or new releases.


----------------------------------------------------------------------
This is a Full version of ISim.
Time resolution is 1 ps
# onerror resume
# wave add /
# run 1000 ns
Simulator is doing circuit initialization process.
Finished circuit initialization process.
@00003000: $ 1 <= 0000000d
@00003004: $ 2 <= 0000000e
@00003008: $ 4 <= 0000007b
@0000300c: *00000000 <= 0000000e
@00003010: *00000000 <= 000d000e
@00003014: *00000000 <= 7b0d000e
@00003018: $ 3 <= 7b0d000e
