Release 14.7 - xst P.20131013 (nt64)
Copyright (c) 1995-2013 Xilinx, Inc.  All rights reserved.
--> Parameter TMPDIR set to xst/projnav.tmp


Total REAL time to Xst completion: 0.00 secs
Total CPU time to Xst completion: 0.12 secs
 
--> Parameter xsthdpdir set to xst


Total REAL time to Xst completion: 0.00 secs
Total CPU time to Xst completion: 0.12 secs
 
--> Reading design: mips.prj

TABLE OF CONTENTS
  1) Synthesis Options Summary
  2) HDL Compilation
  3) Design Hierarchy Analysis
  4) HDL Analysis
  5) HDL Synthesis
     5.1) HDL Synthesis Report
  6) Advanced HDL Synthesis
     6.1) Advanced HDL Synthesis Report
  7) Low Level Synthesis
  8) Partition Report
  9) Final Report
	9.1) Device utilization summary
	9.2) Partition Resource Summary
	9.3) TIMING REPORT


=========================================================================
*                      Synthesis Options Summary                        *
=========================================================================
---- Source Parameters
Input File Name                    : "mips.prj"
Input Format                       : mixed
Ignore Synthesis Constraint File   : NO

---- Target Parameters
Output File Name                   : "mips"
Output Format                      : NGC
Target Device                      : xa3s50-4-vqg100

---- Source Options
Top Module Name                    : mips
Automatic FSM Extraction           : YES
FSM Encoding Algorithm             : Auto
Safe Implementation                : No
FSM Style                          : LUT
RAM Extraction                     : Yes
RAM Style                          : Auto
ROM Extraction                     : Yes
Mux Style                          : Auto
Decoder Extraction                 : YES
Priority Encoder Extraction        : Yes
Shift Register Extraction          : YES
Logical Shifter Extraction         : YES
XOR Collapsing                     : YES
ROM Style                          : Auto
Mux Extraction                     : Yes
Resource Sharing                   : YES
Asynchronous To Synchronous        : NO
Multiplier Style                   : Auto
Automatic Register Balancing       : No

---- Target Options
Add IO Buffers                     : YES
Global Maximum Fanout              : 100000
Add Generic Clock Buffer(BUFG)     : 8
Register Duplication               : YES
Slice Packing                      : YES
Optimize Instantiated Primitives   : NO
Use Clock Enable                   : Yes
Use Synchronous Set                : Yes
Use Synchronous Reset              : Yes
Pack IO Registers into IOBs        : Auto
Equivalent register Removal        : YES

---- General Options
Optimization Goal                  : Speed
Optimization Effort                : 1
Keep Hierarchy                     : No
Netlist Hierarchy                  : As_Optimized
RTL Output                         : Yes
Global Optimization                : AllClockNets
Read Cores                         : YES
Write Timing Constraints           : NO
Cross Clock Analysis               : NO
Hierarchy Separator                : /
Bus Delimiter                      : <>
Case Specifier                     : Maintain
Slice Utilization Ratio            : 100
BRAM Utilization Ratio             : 100
Verilog 2001                       : YES
Auto BRAM Packing                  : NO
Slice Utilization Ratio Delta      : 5

=========================================================================


=========================================================================
*                          HDL Compilation                              *
=========================================================================
Compiling verilog file "CU.v" in library work
Compiling verilog include file "const.v"
WARNING:HDLCompilers:301 - "CU.v" line 121 Too many digits specified in hex constant
Compiling verilog file "Stall.v" in library work
Module <CU> compiled
Compiling verilog file "RF.v" in library work
Compiling verilog include file "const.v"
Module <Stall> compiled
WARNING:HDLCompilers:301 - "RF.v" line 47 Too many digits specified in hex constant
WARNING:HDLCompilers:301 - "RF.v" line 56 Too many digits specified in hex constant
Compiling verilog file "PC.v" in library work
Compiling verilog include file "const.v"
Module <RF> compiled
WARNING:HDLCompilers:301 - "PC.v" line 32 Too many digits specified in hex constant
WARNING:HDLCompilers:301 - "PC.v" line 39 Too many digits specified in hex constant
Compiling verilog file "NPC.v" in library work
Compiling verilog include file "const.v"
Module <PC> compiled
Compiling verilog file "MW_REG.v" in library work
Module <NPC> compiled
Compiling verilog file "MDU.v" in library work
Compiling verilog include file "const.v"
Module <MW_REG> compiled
WARNING:HDLCompilers:301 - "MDU.v" line 42 Too many digits specified in hex constant
WARNING:HDLCompilers:301 - "MDU.v" line 43 Too many digits specified in hex constant
WARNING:HDLCompilers:301 - "MDU.v" line 49 Too many digits specified in hex constant
WARNING:HDLCompilers:301 - "MDU.v" line 50 Too many digits specified in hex constant
Compiling verilog file "FD_REG.v" in library work
Module <MDU> compiled
Compiling verilog file "EXT.v" in library work
Compiling verilog include file "const.v"
Module <FD_REG> compiled
Compiling verilog file "EM_REG.v" in library work
Module <EXT> compiled
Compiling verilog file "DE_REG.v" in library work
Module <EM_REG> compiled
Compiling verilog file "CMP.v" in library work
Compiling verilog include file "const.v"
Module <DE_REG> compiled
Compiling verilog file "BE.v" in library work
Compiling verilog include file "const.v"
Module <CMP> compiled
Compiling verilog file "ALU.v" in library work
Compiling verilog include file "const.v"
Module <BE> compiled
WARNING:HDLCompilers:301 - "ALU.v" line 49 Too many digits specified in hex constant
WARNING:HDLCompilers:301 - "ALU.v" line 53 Too many digits specified in hex constant
WARNING:HDLCompilers:301 - "ALU.v" line 57 Too many digits specified in hex constant
Compiling verilog file "mips.v" in library work
Compiling verilog include file "const.v"
Module <ALU> compiled
WARNING:HDLCompilers:301 - "mips.v" line 123 Too many digits specified in hex constant
WARNING:HDLCompilers:301 - "mips.v" line 137 Too many digits specified in hex constant
Module <mips> compiled
No errors in compilation
Analysis of file <"mips.prj"> succeeded.
 

=========================================================================
*                     Design Hierarchy Analysis                         *
=========================================================================
Analyzing hierarchy for module <mips> in library <work>.

Analyzing hierarchy for module <Stall> in library <work>.

Analyzing hierarchy for module <PC> in library <work>.

Analyzing hierarchy for module <FD_REG> in library <work>.

Analyzing hierarchy for module <CU> in library <work>.

Analyzing hierarchy for module <NPC> in library <work>.

Analyzing hierarchy for module <RF> in library <work>.

Analyzing hierarchy for module <EXT> in library <work>.

Analyzing hierarchy for module <CMP> in library <work>.

Analyzing hierarchy for module <DE_REG> in library <work>.

Analyzing hierarchy for module <ALU> in library <work>.

Analyzing hierarchy for module <MDU> in library <work>.

Analyzing hierarchy for module <EM_REG> in library <work>.

Analyzing hierarchy for module <BE> in library <work>.

Analyzing hierarchy for module <MW_REG> in library <work>.


=========================================================================
*                            HDL Analysis                               *
=========================================================================
Analyzing top module <mips>.
Module <mips> is correct for synthesis.
 
Analyzing module <Stall> in library <work>.
Module <Stall> is correct for synthesis.
 
Analyzing module <PC> in library <work>.
Module <PC> is correct for synthesis.
 
Analyzing module <FD_REG> in library <work>.
Module <FD_REG> is correct for synthesis.
 
Analyzing module <CU> in library <work>.
WARNING:Xst:863 - "CU.v" line 50: Name conflict (<Jr> and <jr>, renaming Jr as jr_rnm0).
WARNING:Xst:863 - "CU.v" line 42: Name conflict (<Lui> and <lui>, renaming Lui as lui_rnm0).
Module <CU> is correct for synthesis.
 
Analyzing module <NPC> in library <work>.
Module <NPC> is correct for synthesis.
 
Analyzing module <RF> in library <work>.
Module <RF> is correct for synthesis.
 
Analyzing module <EXT> in library <work>.
Module <EXT> is correct for synthesis.
 
Analyzing module <CMP> in library <work>.
Module <CMP> is correct for synthesis.
 
Analyzing module <DE_REG> in library <work>.
Module <DE_REG> is correct for synthesis.
 
Analyzing module <ALU> in library <work>.
Module <ALU> is correct for synthesis.
 
Analyzing module <MDU> in library <work>.
ERROR:Xst:870 - "MDU.v" line 84: Can not simplify operator MOD.
 
Found 1 error(s). Aborting synthesis.
--> 

Total memory usage is 4512660 kilobytes

Number of errors   :    1 (   0 filtered)
Number of warnings :   16 (   0 filtered)
Number of infos    :    0 (   0 filtered)

