ISim log file
Running: C:\Users\shael\CO\P6\cpu\mips_txt_isim_beh.exe -intstyle ise -gui -tclbatch isim.cmd -wdb C:/Users/shael/CO/P6/cpu/mips_txt_isim_beh.wdb 
ISim P.20131013 (signature 0x7708f090)
----------------------------------------------------------------------
WARNING:Security:42 - Your software subscription period has lapsed. Your current version of Xilinx tools will continue to function, but you no longer qualify for Xilinx software updates or new releases.


----------------------------------------------------------------------
This is a Full version of ISim.
Time resolution is 1 ps
# onerror resume
# wave add /
# run 1000 ns
Simulator is doing circuit initialization process.
Finished circuit initialization process.
@00003004: $ 1 <= 00000024
@00003008: $ 2 <= 00000012
@0000300c: $ 3 <= 00000034
@00003010: $ 4 <= 0000003f
@00003014: $ 5 <= 00000019
@00003018: $ 6 <= 0000005f
@0000301c: $ 7 <= 00000045
@00003020: $ 8 <= 0000005e
@00003024: $ 9 <= 00000022
@00003028: $10 <= 00000016
@0000302c: $11 <= 00000033
@00003030: $12 <= 00000016
@00003034: $13 <= 0000005f
@00003038: $14 <= 0000000a
@0000303c: $15 <= 0000002e
@00003040: $16 <= 0000000a
@00003044: $17 <= 00000056
@00003048: $18 <= 0000001c
@0000304c: $19 <= 00000060
@00003050: $20 <= 00000039
@00003054: $21 <= 00000022
@00003058: $22 <= 0000001c
@0000305c: $23 <= 0000005f
@00003060: $24 <= 0000002c
@00003064: $25 <= 00000015
@00003068: $26 <= 0000004b
@0000306c: $27 <= 00000063
@00003070: $28 <= 00000053
@00003074: $29 <= 00000024
@00003078: $30 <= 00000037
@0000307c: $30 <= 0000001f
@00003080: $ 2 <= 00000038
@00003084: $ 2 <= 00000000
@00003088: $ 2 <= 0000005f
@0000308c: $20 <= 00000001
@00003090: $ 8 <= 00000000
@00003094: $20 <= 0000005c
@0000309c: *00000000 <= 005c0000
@000030a0: $25 <= 005c0000
@000030a4: *00000000 <= 005c005f
@000030a8: $25 <= 0000005c
@000030ac: $19 <= 00000000
@000030b0: $ 5 <= 0000005c
@000030b8: $19 <= 0000005f
@000030bc: $20 <= 00000001
@000030c0: $28 <= 00000024
@000030c4: *00000000 <= 005c005c
@000030cc: *00000000 <= 0045005c
@000030d4: $ 7 <= 00000000
@000030d8: *00000000 <= 0045005c
@000030e0: *00000000 <= 00450000
@000030e4: *00000000 <= 00000000
@000030e8: $ 8 <= 00000000
@000030ec: $ 4 <= 00000077
@000030f0: $30 <= 00000015
@000030f4: $ 1 <= 00000015
@000030f8: $ 4 <= 0000003d
@000030fc: $21 <= 00140000
@00003100: $29 <= 00000000
@00003104: *00000000 <= 00160000
@00003108: $12 <= 00580000
@0000310c: *00000000 <= 00330000
@00003110: *00000000 <= 005f0000
@00003118: *00000000 <= 005f0024
@00003120: $11 <= 00000000
@00003124: $26 <= 00000061
@00003128: $ 9 <= 005f0024
@0000312c: $18 <= 000000a8
@00003130: $ 2 <= 001b0000
@00003134: $ 2 <= ffffff95
@00003138: $ 4 <= ffffffd5
@0000313c: $19 <= 00210000
@00003140: $15 <= 0000005f
@00003144: $15 <= 005f0024
@00003148: *00000000 <= 005f00d5
@0000314c: $28 <= 00000000
@00003154: $ 5 <= 0000005f
@0000315c: $ 8 <= 00480000
@00003168: $16 <= ffb80000
@0000316c: $16 <= 000b0000
@00003170: $20 <= 005f00d5
@00003174: $ 3 <= 00360000
@0000317c: $12 <= 00000000
@00003180: $ 3 <= 00360000
@00003184: *00000000 <= 005f0000
@00003188: *00000000 <= 005f0000
@0000318c: $18 <= 00000000
@00003190: $22 <= 00000000
@00003194: $22 <= 00000055
@000031a0: *00000000 <= 005f0000
@000031a4: *00000000 <= 005f0061
@000031a8: *00000000 <= 005f0061
@000031ac: *00000000 <= 00000061
@000031b0: $19 <= 0c810000
@000031b4: $19 <= 00000017
@000031b8: *00000000 <= 00000061
@000031bc: $22 <= 00000000
@000031c0: *00000000 <= 00000000
@000031c8: $22 <= ffffff95
@000031d0: $24 <= 00000000
@000031d4: *00000000 <= 00000000
@000031d8: $24 <= 00000000
@000031dc: *00000000 <= 00000024
@000031e4: $17 <= 00000024
@000031e8: $29 <= 00000000
@000031f0: $ 6 <= 00000057
@000031f4: *00000000 <= 00000057
@000031f8: $ 1 <= 0000006a
@000031fc: $17 <= 00000000
@00003200: *00000000 <= 00000000
@00003208: *00000000 <= 00000000
@00003218: $16 <= 00140000
@0000321c: $21 <= 003f0000
@00003220: $14 <= 00160000
@00003224: $21 <= 00000000
@00003228: $21 <= 00000000
@0000322c: $20 <= 00000000
@00003230: $15 <= 00000000
@00003234: $20 <= 00000000
@0000323c: *00000000 <= 00000000
@00003240: $17 <= 00000000
@00003248: *00000000 <= 00000000
@0000324c: $22 <= 00330000
@00003250: *00000000 <= 00000000
@00003258: $22 <= 00210000
@0000325c: *00000000 <= 00000063
@00003260: *00000000 <= 00000063
@00003264: $15 <= 000f0000
@00003268: $15 <= 00390000
@0000326c: $16 <= 00000063
@00003270: $15 <= 004a0000
@00003274: *00000000 <= 00006363
@0000327c: *00000000 <= 00006300
@00003280: $20 <= 08820000
@00003284: $16 <= 08820028
@00003288: $20 <= 003a0000
@0000328c: $12 <= 08820000
@00003294: *00000000 <= 00006300
@00003298: $12 <= 00000000
@0000329c: $ 7 <= 00000005
@000032a0: $30 <= 00480005
@000032a4: *00000000 <= 00006300
@000032a8: $ 7 <= 00900005
@000032ac: *00000000 <= 00006300
@000032b4: *00000000 <= 00006300
@000032bc: $25 <= 00000001
@000032c0: $25 <= 00160000
@000032c4: $30 <= 00006300
@000032c8: $30 <= 00000000
@000032cc: $22 <= 005effc1
@000032d0: $27 <= 00470000
@000032d4: $22 <= 005f007e
@000032d8: $ 9 <= 00530000
@000032dc: *00000000 <= 006a6300
