Running: D:\BUAA\software\ISE\Xilinx\14.7\ISE_DS\ISE\bin\nt64\unwrapped\fuse.exe -intstyle ise -incremental -lib unisims_ver -lib unimacro_ver -lib xilinxcorelib_ver -o D:/BUAA/practice/ise/P5-cpu/mips_tb_isim_beh.exe -prj D:/BUAA/practice/ise/P5-cpu/mips_tb_beh.prj work.mips_tb work.glbl 
ISim P.20131013 (signature 0x7708f090)
Number of CPUs detected in this system: 16
Turning on mult-threading, number of parallel sub-compilation jobs: 32 
Determining compilation order of HDL files
Analyzing Verilog file "D:/BUAA/practice/ise/P5-cpu/CU.v" into library work
Analyzing Verilog file "D:/BUAA/practice/ise/P5-cpu/Stall.v" into library work
Analyzing Verilog file "D:/BUAA/practice/ise/P5-cpu/RF.v" into library work
Analyzing Verilog file "D:/BUAA/practice/ise/P5-cpu/NPC.v" into library work
Analyzing Verilog file "D:/BUAA/practice/ise/P5-cpu/MW_REG.v" into library work
Analyzing Verilog file "D:/BUAA/practice/ise/P5-cpu/IFU.v" into library work
Analyzing Verilog file "D:/BUAA/practice/ise/P5-cpu/FD_REG.v" into library work
Analyzing Verilog file "D:/BUAA/practice/ise/P5-cpu/EXT.v" into library work
Analyzing Verilog file "D:/BUAA/practice/ise/P5-cpu/EM_REG.v" into library work
Analyzing Verilog file "D:/BUAA/practice/ise/P5-cpu/DM.v" into library work
Analyzing Verilog file "D:/BUAA/practice/ise/P5-cpu/DE_REG.v" into library work
Analyzing Verilog file "D:/BUAA/practice/ise/P5-cpu/CMP.v" into library work
Analyzing Verilog file "D:/BUAA/practice/ise/P5-cpu/ALU.v" into library work
Analyzing Verilog file "D:/BUAA/practice/ise/P5-cpu/mips.v" into library work
Analyzing Verilog file "D:/BUAA/practice/ise/P5-cpu/mips_tb.v" into library work
Analyzing Verilog file "D:/BUAA/software/ISE/Xilinx/14.7/ISE_DS/ISE//verilog/src/glbl.v" into library work
Starting static elaboration
WARNING:HDLCompiler:1016 - "D:/BUAA/practice/ise/P5-cpu/mips.v" Line 154: Port RFWrEn is not connected to this instance
WARNING:HDLCompiler:1016 - "D:/BUAA/practice/ise/P5-cpu/mips.v" Line 224: Port NPCOp is not connected to this instance
WARNING:HDLCompiler:1016 - "D:/BUAA/practice/ise/P5-cpu/mips.v" Line 264: Port NPCOp is not connected to this instance
WARNING:HDLCompiler:1016 - "D:/BUAA/practice/ise/P5-cpu/mips.v" Line 309: Port NPCOp is not connected to this instance
WARNING:HDLCompiler:1016 - "D:/BUAA/practice/ise/P5-cpu/Stall.v" Line 34: Port NPCOp is not connected to this instance
WARNING:HDLCompiler:1016 - "D:/BUAA/practice/ise/P5-cpu/Stall.v" Line 49: Port NPCOp is not connected to this instance
WARNING:HDLCompiler:1016 - "D:/BUAA/practice/ise/P5-cpu/Stall.v" Line 64: Port NPCOp is not connected to this instance
Completed static elaboration
Compiling module CU
Compiling module Stall
Compiling module IFU
Compiling module FD_REG
Compiling module NPC
Compiling module RF
Compiling module EXT
Compiling module CMP
Compiling module DE_REG
Compiling module ALU
Compiling module EM_REG
Compiling module DM
Compiling module MW_REG
Compiling module mips
Compiling module mips_tb
Compiling module glbl
Time Resolution for simulation is 1ps.
Waiting for 1 sub-compilation(s) to finish...
Compiled 16 Verilog Units
Built simulation executable D:/BUAA/practice/ise/P5-cpu/mips_tb_isim_beh.exe
Fuse Memory Usage: 32728 KB
Fuse CPU Usage: 406 ms
