ISim log file
Running: C:\Users\shael\CO\P5\cpu\mips_txt_isim_beh.exe -intstyle ise -gui -tclbatch isim.cmd -wdb C:/Users/shael/CO/P5/cpu/mips_txt_isim_beh.wdb 
ISim P.20131013 (signature 0x7708f090)
----------------------------------------------------------------------
WARNING:Security:42 - Your software subscription period has lapsed. Your current version of Xilinx tools will continue to function, but you no longer qualify for Xilinx software updates or new releases.


----------------------------------------------------------------------
This is a Full version of ISim.
Time resolution is 1 ps
# onerror resume
# wave add /
# run 1000 ns
Simulator is doing circuit initialization process.
Finished circuit initialization process.
@00003004: $ 1 <= 0000003c
@00003008: $ 2 <= 00000054
@0000300c: $ 3 <= 00000078
@00003010: $ 4 <= 00000004
@00003014: $ 5 <= 00000018
@00003018: $ 6 <= 00000074
@0000301c: $ 7 <= 00000024
@00003020: $ 8 <= 0000003c
@00003024: $ 9 <= 00000014
@00003028: $10 <= 0000000c
@0000302c: $11 <= 0000002c
@00003030: $12 <= 00000000
@00003034: $13 <= 00000088
@00003038: $14 <= 0000009c
@0000303c: $15 <= 00000074
@00003040: $16 <= 0000000c
@00003044: $17 <= 00000038
@00003048: $18 <= 00000090
@0000304c: $19 <= 00000034
@00003050: $20 <= 0000006c
@00003054: $21 <= 00000038
@00003058: $22 <= 0000006c
@0000305c: $23 <= 00000050
@00003060: $24 <= 00000000
@00003064: $25 <= 00000098
@00003068: $26 <= 0000001c
@0000306c: $27 <= 00000044
@00003070: $28 <= 0000001c
@00003074: $29 <= 00000028
@00003078: $30 <= 00000048
@0000307c: $31 <= 00000094
@00003080: $ 3 <= 000c0000
@00003084: $ 4 <= 00600000
@00003088: $31 <= 00003090
@0000309c: $ 3 <= 00000000
@0000309c: $ 3 <= 00000000
@000030a0: $ 3 <= 00000044
@000030a4: *00000014 <= 0000003c
@000030a8: $31 <= 000030b0
@000030ac: $ 1 <= 00000000
@000032c8: $ 3 <= 006030b0
@000032cc: $ 2 <= 00000000
@000032d0: *00000020 <= 00000000
@000032d4: $ 1 <= 00600000
@000032d8: *00000000 <= 00600000
@000032dc: $ 2 <= 00000000
@000032e0: $ 2 <= 0000008c
@000032e4: *00000024 <= 00600000
@000032ec: $ 1 <= ffa0008c
@000032f4: $ 2 <= 00000000
@000032f8: $ 4 <= 00000000
@000032fc: $ 4 <= 00000014
@00003300: *00000000 <= 00000014
@00003304: $ 4 <= 0000003c
@00003308: $ 4 <= 00000014
@0000330c: *00000094 <= 00000014
@00003314: $ 4 <= 00000000
@0000336c: $ 2 <= 00000000
@00003370: $ 4 <= 000030b0
@00003374: $31 <= 00006160
@00003378: $31 <= 000030b0
@000030b0: $ 3 <= 00000000
@000030b4: $ 2 <= 00000000
@000030b8: *0000002c <= 00000000
@000030bc: $31 <= 000030c4
@000030c0: $ 2 <= 000030d4
@000030d0: $ 2 <= 00000000
@000030c8: $ 1 <= 000030fc
@000030d0: $ 2 <= 00000000
@000030d4: *00000004 <= 000030b0
@000030d8: $31 <= 000030e0
@000030dc: $ 2 <= 00000000
@00003388: $28 <= 00000000
@0000338c: $ 7 <= 00000000
@00003390: $ 7 <= 0000000a
@00003394: $19 <= 00000000
@00003398: $19 <= 00000001
@0000339c: $28 <= 00000001
@000033a4: $ 1 <= 000030b0
@000033ac: $ 2 <= 00000000
@000033b0: $ 4 <= 00600000
@000033b8: $ 2 <= 00300000
@000033bc: *00000018 <= 000030b0
@000033c0: $ 1 <= 00000000
@000033c4: $ 1 <= 008c0000
@000033c8: $ 1 <= 0030003c
@000033d0: $ 4 <= 00000058
@0000339c: $28 <= 00000002
@000033a4: $ 1 <= 00000058
@000033ac: $ 2 <= 00300000
@000033b0: $ 4 <= 00600000
@000033b8: $ 2 <= 00300000
@000033bc: *00000018 <= 00000058
@000033c0: $ 1 <= 00000000
@000033c4: $ 1 <= 008c0000
@000033c8: $ 1 <= 0030003c
@000033d0: $ 4 <= 00000058
@0000339c: $28 <= 00000003
@000033a4: $ 1 <= 00000058
@000033ac: $ 2 <= 00300000
@000033b0: $ 4 <= 00600000
@000033b8: $ 2 <= 00300000
@000033bc: *00000018 <= 00000058
@000033c0: $ 1 <= 00000000
@000033c4: $ 1 <= 008c0000
@000033c8: $ 1 <= 0030003c
@000033d0: $ 4 <= 00000058
@0000339c: $28 <= 00000004
@000033a4: $ 1 <= 00000058
@000033ac: $ 2 <= 00300000
@000033b0: $ 4 <= 00600000
@000033b8: $ 2 <= 00300000
@000033bc: *00000018 <= 00000058
@000033c0: $ 1 <= 00000000
@000033c4: $ 1 <= 008c0000
@000033c8: $ 1 <= 0030003c
@000033d0: $ 4 <= 00000058
@0000339c: $28 <= 00000005
@000033a4: $ 1 <= 00000058
@000033ac: $ 2 <= 00300000
@000033b0: $ 4 <= 00600000
@000033b8: $ 2 <= 00300000
@000033bc: *00000018 <= 00000058
@000033c0: $ 1 <= 00000000
@000033c4: $ 1 <= 008c0000
@000033c8: $ 1 <= 0030003c
@000033d0: $ 4 <= 00000058
@0000339c: $28 <= 00000006
@000033a4: $ 1 <= 00000058
@000033ac: $ 2 <= 00300000
@000033b0: $ 4 <= 00600000
@000033b8: $ 2 <= 00300000
@000033bc: *00000018 <= 00000058
@000033c0: $ 1 <= 00000000
@000033c4: $ 1 <= 008c0000
@000033c8: $ 1 <= 0030003c
@000033d0: $ 4 <= 00000058
@0000339c: $28 <= 00000007
@000033a4: $ 1 <= 00000058
@000033ac: $ 2 <= 00300000
@000033b0: $ 4 <= 00600000
@000033b8: $ 2 <= 00300000
@000033bc: *00000018 <= 00000058
@000033c0: $ 1 <= 00000000
@000033c4: $ 1 <= 008c0000
@000033c8: $ 1 <= 0030003c
@000033d0: $ 4 <= 00000058
@0000339c: $28 <= 00000008
@000033a4: $ 1 <= 00000058
@000033ac: $ 2 <= 00300000
@000033b0: $ 4 <= 00600000
@000033b8: $ 2 <= 00300000
@000033bc: *00000018 <= 00000058
@000033c0: $ 1 <= 00000000
@000033c4: $ 1 <= 008c0000
@000033c8: $ 1 <= 0030003c
@000033d0: $ 4 <= 00000058
@0000339c: $28 <= 00000009
@000033a4: $ 1 <= 00000058
@000033ac: $ 2 <= 00300000
@000033b0: $ 4 <= 00600000
@000033b8: $ 2 <= 00300000
@000033bc: *00000018 <= 00000058
@000033c0: $ 1 <= 00000000
