Running: D:\BUAA\software\ISE\Xilinx\14.7\ISE_DS\ISE\bin\nt64\unwrapped\fuse.exe -intstyle ise -incremental -lib unisims_ver -lib unimacro_ver -lib xilinxcorelib_ver -o D:/BUAA/practice/ise/P4-cpu/mips_tb_isim_beh.exe -prj D:/BUAA/practice/ise/P4-cpu/mips_tb_beh.prj work.mips_tb work.glbl 
ISim P.20131013 (signature 0x7708f090)
Number of CPUs detected in this system: 16
Turning on mult-threading, number of parallel sub-compilation jobs: 32 
Determining compilation order of HDL files
Analyzing Verilog file "D:/BUAA/practice/ise/P4-cpu/RF.v" into library work
Analyzing Verilog file "D:/BUAA/practice/ise/P4-cpu/NPC.v" into library work
Analyzing Verilog file "D:/BUAA/practice/ise/P4-cpu/IFU.v" into library work
Analyzing Verilog file "D:/BUAA/practice/ise/P4-cpu/EXT.v" into library work
Analyzing Verilog file "D:/BUAA/practice/ise/P4-cpu/DM.v" into library work
Analyzing Verilog file "D:/BUAA/practice/ise/P4-cpu/CU.v" into library work
Analyzing Verilog file "D:/BUAA/practice/ise/P4-cpu/ALU.v" into library work
Analyzing Verilog file "D:/BUAA/practice/ise/P4-cpu/mips.v" into library work
Analyzing Verilog file "D:/BUAA/practice/ise/P4-cpu/mips_tb.v" into library work
Analyzing Verilog file "D:/BUAA/software/ISE/Xilinx/14.7/ISE_DS/ISE//verilog/src/glbl.v" into library work
Starting static elaboration
Completed static elaboration
Compiling module IFU
Compiling module NPC
Compiling module EXT
Compiling module RF
Compiling module CU
Compiling module ALU
Compiling module DM
Compiling module mips
Compiling module mips_tb
Compiling module glbl
Time Resolution for simulation is 1ps.
Compiled 10 Verilog Units
Built simulation executable D:/BUAA/practice/ise/P4-cpu/mips_tb_isim_beh.exe
Fuse Memory Usage: 31924 KB
Fuse CPU Usage: 125 ms
