Running: D:\BUAA\software\ISE\Xilinx\14.7\ISE_DS\ISE\bin\nt64\unwrapped\fuse.exe -intstyle ise -incremental -lib unisims_ver -lib unimacro_ver -lib xilinxcorelib_ver -o D:/BUAA/practice/ise/P6-cpu/mips_txt_isim_beh.exe -prj D:/BUAA/practice/ise/P6-cpu/mips_txt_beh.prj work.mips_txt work.glbl 
ISim P.20131013 (signature 0x7708f090)
Number of CPUs detected in this system: 16
Turning on mult-threading, number of parallel sub-compilation jobs: 32 
Determining compilation order of HDL files
Analyzing Verilog file "D:/BUAA/practice/ise/P6-cpu/CU.v" into library work
Analyzing Verilog file "D:/BUAA/practice/ise/P6-cpu/Stall.v" into library work
Analyzing Verilog file "D:/BUAA/practice/ise/P6-cpu/RF.v" into library work
Analyzing Verilog file "D:/BUAA/practice/ise/P6-cpu/PC.v" into library work
Analyzing Verilog file "D:/BUAA/practice/ise/P6-cpu/NPC.v" into library work
Analyzing Verilog file "D:/BUAA/practice/ise/P6-cpu/MW_REG.v" into library work
Analyzing Verilog file "D:/BUAA/practice/ise/P6-cpu/MDU.v" into library work
Analyzing Verilog file "D:/BUAA/practice/ise/P6-cpu/FD_REG.v" into library work
Analyzing Verilog file "D:/BUAA/practice/ise/P6-cpu/EXT.v" into library work
Analyzing Verilog file "D:/BUAA/practice/ise/P6-cpu/EM_REG.v" into library work
Analyzing Verilog file "D:/BUAA/practice/ise/P6-cpu/DE_REG.v" into library work
Analyzing Verilog file "D:/BUAA/practice/ise/P6-cpu/CMP.v" into library work
Analyzing Verilog file "D:/BUAA/practice/ise/P6-cpu/BE.v" into library work
Analyzing Verilog file "D:/BUAA/practice/ise/P6-cpu/ALU.v" into library work
Analyzing Verilog file "D:/BUAA/practice/ise/P6-cpu/mips.v" into library work
Analyzing Verilog file "D:/BUAA/practice/ise/P6-cpu/mips_tb.v" into library work
Analyzing Verilog file "D:/BUAA/software/ISE/Xilinx/14.7/ISE_DS/ISE//verilog/src/glbl.v" into library work
Starting static elaboration
WARNING:HDLCompiler:1016 - "D:/BUAA/practice/ise/P6-cpu/mips.v" Line 187: Port RFWrEn is not connected to this instance
WARNING:HDLCompiler:1016 - "D:/BUAA/practice/ise/P6-cpu/mips.v" Line 260: Port NPCOp is not connected to this instance
WARNING:HDLCompiler:1016 - "D:/BUAA/practice/ise/P6-cpu/mips.v" Line 316: Port NPCOp is not connected to this instance
WARNING:HDLCompiler:1016 - "D:/BUAA/practice/ise/P6-cpu/mips.v" Line 362: Port NPCOp is not connected to this instance
WARNING:HDLCompiler:1016 - "D:/BUAA/practice/ise/P6-cpu/Stall.v" Line 36: Port NPCOp is not connected to this instance
WARNING:HDLCompiler:1016 - "D:/BUAA/practice/ise/P6-cpu/Stall.v" Line 54: Port NPCOp is not connected to this instance
WARNING:HDLCompiler:1016 - "D:/BUAA/practice/ise/P6-cpu/Stall.v" Line 72: Port NPCOp is not connected to this instance
Completed static elaboration
Compiling module CU
Compiling module Stall
Compiling module PC
Compiling module FD_REG
Compiling module NPC
Compiling module RF
Compiling module EXT
Compiling module CMP
Compiling module DE_REG
Compiling module ALU
Compiling module MDU
Compiling module EM_REG
Compiling module BE
Compiling module MW_REG
Compiling module mips
Compiling module mips_txt
Compiling module glbl
Time Resolution for simulation is 1ps.
Waiting for 1 sub-compilation(s) to finish...
Compiled 17 Verilog Units
Built simulation executable D:/BUAA/practice/ise/P6-cpu/mips_txt_isim_beh.exe
Fuse Memory Usage: 34844 KB
Fuse CPU Usage: 139 ms
