ISim log file
Running: C:\Users\shael\CO\P7\FlowCpu\mips_txt_isim_beh.exe -intstyle ise -gui -tclbatch isim.cmd -wdb C:/Users/shael/CO/P7/FlowCpu/mips_txt_isim_beh.wdb 
ISim P.20131013 (signature 0x7708f090)
----------------------------------------------------------------------
WARNING:Security:42 - Your software subscription period has lapsed. Your current version of Xilinx tools will continue to function, but you no longer qualify for Xilinx software updates or new releases.


----------------------------------------------------------------------
This is a Full version of ISim.
Time resolution is 1 ps
# onerror resume
# wave add /
# run 1000 ns
Simulator is doing circuit initialization process.
Finished circuit initialization process.
@00003010: $ 0 <= 00000058
@00003014: $ 1 <= 00000010
@00003018: $ 2 <= 0000001c
@0000301c: $ 3 <= 00000024
@00003020: $ 4 <= 00000080
@00003024: $ 5 <= 00000054
@00003028: $ 6 <= 00000038
@0000302c: $ 7 <= 00000070
@00003030: $ 8 <= 00000080
@00003034: $ 9 <= 00000068
@00003038: $10 <= 0000004c
@0000303c: $11 <= 0000003c
@00003040: $12 <= 00000088
@00003044: $13 <= 00000030
@00003048: $14 <= 00000098
@0000304c: $15 <= 00000048
@00003050: $16 <= 0000000c
@00003054: $17 <= 00000030
@00003058: $18 <= 00000038
@0000305c: $19 <= 00000068
@00003060: $20 <= 00000094
@00003064: $21 <= 00000098
@00003068: $22 <= 00000084
@0000306c: $23 <= 0000006c
@00003070: $24 <= 00000094
@00003074: $25 <= 00000044
@00003078: $26 <= 00000088
@0000307c: $27 <= 00000014
@00003080: $28 <= 00000078
@00003084: $29 <= 00000044
@00003088: $30 <= 0000003c
@0000308c: $31 <= 00000050
@00003090: $ 1 <= ffff0000
@00003094: $ 1 <= fffffffc
@00003098: $ 1 <= fffffffc
@0000309c: $ 1 <= ffff0000
@000030a0: $ 1 <= ffffffb0
@000030a4: $ 1 <= ffffffbc
@000030a8: $ 4 <= 00000000
@000030ac: $ 4 <= 00000000
@000030b4: $ 4 <= 00000000
@000030b8: $ 3 <= 00000000
@000030bc: $ 4 <= 00000007
@000030c0: $ 3 <= 00000020
@000030c8: $ 1 <= 00000004
@000030cc: $ 2 <= 00000000
@000030d0: $ 3 <= 00000000
@000030d4: $ 3 <= 00000004
@000030d8: $31 <= 000030e0
@000030dc: $ 3 <= 00000000
@00003364: $30 <= 00000000
@00003368: $16 <= 00000000
@0000336c: $16 <= 00000002
@00003370: $12 <= 00000000
@00003374: $12 <= 00000001
@00003378: $30 <= 00000001
@00003380: $ 1 <= 00000000
@00003384: $ 1 <= 00000004
@00003388: $ 2 <= 00500000
@0000338c: $ 1 <= 00000001
@00004180: $27 <= 00001014
@00004184: $ 1 <= 80000000
@00004188: $ 1 <= 80000000
@0000418c: $27 <= 00000000
@000041b8: $26 <= 00003390
@000041bc: $ 1 <= ffff0000
@000041c0: $ 1 <= fffffffc
@000041c4: $26 <= 00003390
@000041c8: $ 1 <= 00000000
@000041cc: $ 1 <= 00000004
@000041d0: $26 <= 00003394
@000041d8: $27 <= 00000000
@000041dc: $27 <= 00003008
@000041e0: $ 8 <= 00000000
@000041e4: $ 8 <= 00006ffc
@000041e8: $ 9 <= 00000000
@000041fc: $10 <= 00000000
@00004200: $10 <= 00003000
@00004204: $ 9 <= 00000000
@00004218: $ 3 <= 00000004
@0000421c: $ 4 <= 0000004c
@00004220: $ 3 <= 0000004c
@0000422c: $ 2 <= 00000000
@00004230: *00000000 <= 00000000
@00004238: $ 3 <= 00003394
@0000423c: $ 2 <= 00000001
@00004240: $ 0 <= 00000000
@00004244: $ 3 <= 00000002
@00004248: $ 0 <= 00000002
@00004250: $ 2 <= 00003394
@00004254: *00000060 <= 00000000
@00004258: $ 2 <= 00500000
@0000425c: *00000050 <= 00000000
@00004270: $ 1 <= 00000000
@00004274: $ 3 <= 00000002
@0000427c: $ 3 <= 00000001
@00004284: $ 0 <= 00000038
@00004288: $ 3 <= 00000000
@0000428c: $ 3 <= 00000030
@00004290: $ 2 <= 00000000
@0000429c: *00000010 <= 00000030
@000042a4: $ 3 <= 0000005c
@000042b8: $ 3 <= 00000000
@000042bc: $ 3 <= 000030e0
@000042c0: $31 <= 00000000
@000042c4: $31 <= 000030e0
@000042cc: $ 0 <= 00001014
@00003394: $ 4 <= 0000007c
@00003398: $ 4 <= 0000007c
@0000339c: $ 2 <= ffffcf20
@000033a8: $ 3 <= 0000007c
@000033ac: $ 3 <= 0000007c
@000033b0: $ 1 <= 00000000
@000033b4: $ 0 <= ffffcf20
@000033c0: $ 3 <= 0000007c
@000033c4: $ 3 <= 00000000
@000033c8: $ 3 <= 00000010
@000033cc: *00000000 <= 0000cf20
@00004180: $27 <= 80001020
@00004184: $ 1 <= 80000000
@00004188: $ 1 <= 80000000
@0000418c: $27 <= 80000000
@00004198: $26 <= 000033d0
@0000419c: $ 1 <= ffff0000
@000041a0: $ 1 <= fffffffc
@000041a4: $26 <= 000033d0
@000041a8: $ 1 <= 00000000
@000041ac: $ 1 <= 00000004
@000041b0: $26 <= 000033d4
@000041b8: $26 <= 000033d4
@000041bc: $ 1 <= ffff0000
@000041c0: $ 1 <= fffffffc
@000041c4: $26 <= 000033d4
@000041c8: $ 1 <= 00000000
@000041cc: $ 1 <= 00000004
@000041d0: $26 <= 000033d8
@000041d8: $27 <= 00000000
@000041dc: $27 <= 00003008
@000041e0: $ 8 <= 00000000
@000041e4: $ 8 <= 00006ffc
@000041e8: $ 9 <= 00000000
@000041fc: $10 <= 00000000
@00004200: $10 <= 00003000
@00004204: $ 9 <= 00000000
