Release 14.7 - xst P.20131013 (nt64)
Copyright (c) 1995-2013 Xilinx, Inc.  All rights reserved.
--> Parameter TMPDIR set to xst/projnav.tmp


Total REAL time to Xst completion: 0.00 secs
Total CPU time to Xst completion: 0.15 secs
 
--> Parameter xsthdpdir set to xst


Total REAL time to Xst completion: 0.00 secs
Total CPU time to Xst completion: 0.15 secs
 
--> Reading design: mips.prj

TABLE OF CONTENTS
  1) Synthesis Options Summary
  2) HDL Compilation
  3) Design Hierarchy Analysis
  4) HDL Analysis
  5) HDL Synthesis
     5.1) HDL Synthesis Report
  6) Advanced HDL Synthesis
     6.1) Advanced HDL Synthesis Report
  7) Low Level Synthesis
  8) Partition Report
  9) Final Report
	9.1) Device utilization summary
	9.2) Partition Resource Summary
	9.3) TIMING REPORT


=========================================================================
*                      Synthesis Options Summary                        *
=========================================================================
---- Source Parameters
Input File Name                    : "mips.prj"
Input Format                       : mixed
Ignore Synthesis Constraint File   : NO

---- Target Parameters
Output File Name                   : "mips"
Output Format                      : NGC
Target Device                      : xa3s50-4-vqg100

---- Source Options
Top Module Name                    : mips
Automatic FSM Extraction           : YES
FSM Encoding Algorithm             : Auto
Safe Implementation                : No
FSM Style                          : LUT
RAM Extraction                     : Yes
RAM Style                          : Auto
ROM Extraction                     : Yes
Mux Style                          : Auto
Decoder Extraction                 : YES
Priority Encoder Extraction        : Yes
Shift Register Extraction          : YES
Logical Shifter Extraction         : YES
XOR Collapsing                     : YES
ROM Style                          : Auto
Mux Extraction                     : Yes
Resource Sharing                   : YES
Asynchronous To Synchronous        : NO
Multiplier Style                   : Auto
Automatic Register Balancing       : No

---- Target Options
Add IO Buffers                     : YES
Global Maximum Fanout              : 100000
Add Generic Clock Buffer(BUFG)     : 8
Register Duplication               : YES
Slice Packing                      : YES
Optimize Instantiated Primitives   : NO
Use Clock Enable                   : Yes
Use Synchronous Set                : Yes
Use Synchronous Reset              : Yes
Pack IO Registers into IOBs        : Auto
Equivalent register Removal        : YES

---- General Options
Optimization Goal                  : Speed
Optimization Effort                : 1
Keep Hierarchy                     : No
Netlist Hierarchy                  : As_Optimized
RTL Output                         : Yes
Global Optimization                : AllClockNets
Read Cores                         : YES
Write Timing Constraints           : NO
Cross Clock Analysis               : NO
Hierarchy Separator                : /
Bus Delimiter                      : <>
Case Specifier                     : Maintain
Slice Utilization Ratio            : 100
BRAM Utilization Ratio             : 100
Verilog 2001                       : YES
Auto BRAM Packing                  : NO
Slice Utilization Ratio Delta      : 5

=========================================================================


=========================================================================
*                          HDL Compilation                              *
=========================================================================
Compiling verilog file "RF.v" in library work
Compiling verilog include file "const.v"
WARNING:HDLCompilers:301 - "RF.v" line 48 Too many digits specified in hex constant
WARNING:HDLCompilers:301 - "RF.v" line 54 Too many digits specified in hex constant
Compiling verilog file "NPC.v" in library work
Compiling verilog include file "const.v"
Module <RF> compiled
Compiling verilog file "IFU.v" in library work
Compiling verilog include file "const.v"
Module <NPC> compiled
Compiling verilog file "EXT.v" in library work
Module <IFU> compiled
Compiling verilog file "DM.v" in library work
Compiling verilog include file "const.v"
Module <EXT> compiled
WARNING:HDLCompilers:301 - "DM.v" line 89 Too many digits specified in hex constant
WARNING:HDLCompilers:301 - "DM.v" line 96 Too many digits specified in hex constant
Compiling verilog file "CU.v" in library work
Compiling verilog include file "const.v"
Module <DM> compiled
Compiling verilog file "ALU.v" in library work
Compiling verilog include file "const.v"
Module <CU> compiled
WARNING:HDLCompilers:301 - "ALU.v" line 37 Too many digits specified in hex constant
Compiling verilog file "mips.v" in library work
Compiling verilog include file "const.v"
Module <ALU> compiled
WARNING:HDLCompilers:301 - "mips.v" line 90 Too many digits specified in hex constant
WARNING:HDLCompilers:301 - "mips.v" line 96 Too many digits specified in hex constant
WARNING:HDLCompilers:301 - "mips.v" line 100 Too many digits specified in hex constant
WARNING:HDLCompilers:301 - "mips.v" line 105 Too many digits specified in hex constant
Module <mips> compiled
No errors in compilation
Analysis of file <"mips.prj"> succeeded.
 

=========================================================================
*                     Design Hierarchy Analysis                         *
=========================================================================
Analyzing hierarchy for module <mips> in library <work>.

Analyzing hierarchy for module <IFU> in library <work>.

Analyzing hierarchy for module <NPC> in library <work>.

Analyzing hierarchy for module <EXT> in library <work>.

Analyzing hierarchy for module <RF> in library <work>.

Analyzing hierarchy for module <CU> in library <work>.

Analyzing hierarchy for module <ALU> in library <work>.

Analyzing hierarchy for module <DM> in library <work>.


=========================================================================
*                            HDL Analysis                               *
=========================================================================
Analyzing top module <mips>.
Module <mips> is correct for synthesis.
 
Analyzing module <IFU> in library <work>.
INFO:Xst:2546 - "IFU.v" line 35: reading initialization file "code.txt".
WARNING:Xst:2319 - "IFU.v" line 35: Signal IM in initial block is partially initialized. The initialization will be ignored.
Module <IFU> is correct for synthesis.
 
Analyzing module <NPC> in library <work>.
Module <NPC> is correct for synthesis.
 
Analyzing module <EXT> in library <work>.
Module <EXT> is correct for synthesis.
 
Analyzing module <RF> in library <work>.
WARNING:Xst:2323 - "RF.v" line 60: Parameter 2 is not constant in call of system task $display.
WARNING:Xst:2323 - "RF.v" line 60: Parameter 3 is not constant in call of system task $display.
WARNING:Xst:2323 - "RF.v" line 60: Parameter 4 is not constant in call of system task $display.
"RF.v" line 60: $display : @%h: $%d <= %h
WARNING:Xst:2323 - "RF.v" line 64: Parameter 2 is not constant in call of system task $display.
WARNING:Xst:2323 - "RF.v" line 64: Parameter 3 is not constant in call of system task $display.
WARNING:Xst:2323 - "RF.v" line 64: Parameter 4 is not constant in call of system task $display.
"RF.v" line 64: $display : @%h: $%d <= %h
Module <RF> is correct for synthesis.
 
Analyzing module <CU> in library <work>.
Module <CU> is correct for synthesis.
 
Analyzing module <ALU> in library <work>.
Module <ALU> is correct for synthesis.
 
Analyzing module <DM> in library <work>.
ERROR:Xst:868 - "DM.v" line 89: Index out of range for DMRAM.
ERROR:Xst:2634 - "DM.v" line 95: For loop stop condition should depend on loop variable or be static.
WARNING:Xst:2323 - "DM.v" line 100: Parameter 2 is not constant in call of system task $display.
WARNING:Xst:2323 - "DM.v" line 100: Parameter 3 is not constant in call of system task $display.
WARNING:Xst:2323 - "DM.v" line 100: Parameter 4 is not constant in call of system task $display.
"DM.v" line 100: $display : @%h: *%h <= %h
INFO:Xst:1433 - Contents of array <DMRAM> may be accessed with an index that exceeds the array size. This could cause simulation mismatch.
 
Found 2 error(s). Aborting synthesis.
--> 

Total memory usage is 4512604 kilobytes

Number of errors   :    2 (   0 filtered)
Number of warnings :   19 (   0 filtered)
Number of infos    :    2 (   0 filtered)

